"../../../CrappyBird/Content/Blueprints/BP_TappyChickenSaveGame.uasset" 0
"../../../Engine/Content/EditorBlueprintResources/StandardMacros.uasset" 1
"../../../CrappyBird/Content/Fonts/F_TappyChickenNumbers_10.uasset" 2
"../../../CrappyBird/Content/Materials/MPC_TappyChicken_01.uasset" 3
"../../../CrappyBird/Content/Fonts/M_TappyChickenNumbers_10.uasset" 4
"../../../CrappyBird/Content/Audio/SFX_Chicken_01.uasset" 5
"../../../CrappyBird/Content/Audio/SFX_Chicken_01_Cue.uasset" 6
"../../../CrappyBird/Content/Audio/SFX_Click_01.uasset" 7
"../../../CrappyBird/Content/Audio/SFX_Click_01_Cue.uasset" 8
"../../../CrappyBird/Content/Audio/SFX_FlapWing_01.uasset" 9
"../../../CrappyBird/Content/Audio/SFX_FlapWing_02.uasset" 10
"../../../CrappyBird/Content/Audio/SFX_FlapWing_03.uasset" 11
"../../../CrappyBird/Content/Audio/SFX_FlapWing_04.uasset" 12
"../../../CrappyBird/Content/Audio/SFX_FlapWing_Cue.uasset" 13
"../../../CrappyBird/Content/Audio/SFX_HitGround_01.uasset" 14
"../../../CrappyBird/Content/Audio/SFX_HitGround_01_Cue.uasset" 15
"../../../CrappyBird/Content/Audio/SFX_HitObstacle_01.uasset" 16
"../../../CrappyBird/Content/Audio/SFX_HitObstacle_01_Cue.uasset" 17
"../../../CrappyBird/Content/Audio/SFX_LastCluck_01.uasset" 18
"../../../CrappyBird/Content/Audio/SFX_LastCluck_02.uasset" 19
"../../../CrappyBird/Content/Audio/SFX_LastCluck_03.uasset" 20
"../../../CrappyBird/Content/Audio/SFX_LastCluck_04.uasset" 21
"../../../CrappyBird/Content/Audio/SFX_LastCluck_Cue.uasset" 22
"../../../CrappyBird/Content/Audio/SFX_Score_01.uasset" 23
"../../../CrappyBird/Content/Audio/SFX_Score_01_Cue.uasset" 24
"../../../CrappyBird/Content/Blueprints/Enum_GameMode.uasset" 25
"../../../CrappyBird/Content/Blueprints/Enum_Platform.uasset" 26
"../../../CrappyBird/Content/Effects/T_Feathers_01.uasset" 27
"../../../CrappyBird/Content/Effects/M_Feathers_01.uasset" 28
"../../../CrappyBird/Content/Effects/FX_Feathers_01.uasset" 29
"../../../CrappyBird/Content/Effects/FX_FeathersHit_01.uasset" 30
"../../../CrappyBird/Content/Import/Flipbook/Sign_Post_Noise.uasset" 31
"../../../CrappyBird/Content/Import/Textures/Skyline_UV.uasset" 32
"../../../CrappyBird/Content/Materials/T_TappyChicken_BG_02.uasset" 33
"../../../CrappyBird/Content/Materials/M_PanningBG_Alpha.uasset" 34
"../../../CrappyBird/Content/Materials/M_PanningBG_Opaque.uasset" 35
"../../../CrappyBird/Content/Meshes/SM_BG_Hill_01.uasset" 36
"../../../CrappyBird/Content/Import/Materials/BG/Skyline_1.uasset" 37
"../../../CrappyBird/Content/Import/Meshes/BG/SM_Buildings_01.uasset" 38
"../../../CrappyBird/Content/Import/Meshes/BG/SM_Buildings_02.uasset" 39
"../../../CrappyBird/Content/Import/Textures/Street_Signpost.uasset" 40
"../../../CrappyBird/Content/Import/Materials/Obstacles/Signport.uasset" 41
"../../../CrappyBird/Content/Import/Meshes/Signpost.uasset" 42
"../../../Engine/Content/Functions/Engine_MaterialFunctions02/Utility/Sign.uasset" 43
"../../../Engine/Content/Functions/Engine_MaterialFunctions02/Utility/Round.uasset" 44
"../../../Engine/Content/Functions/Engine_MaterialFunctions02/ExampleContent/Textures/flipbook.uasset" 45
"../../../Engine/Content/Functions/Engine_MaterialFunctions02/Texturing/FlipBook.uasset" 46
"../../../CrappyBird/Content/Import/Sprite/Noise/Sign_Post/Sign_Post_Spritesheet.uasset" 47
"../../../CrappyBird/Content/Import/Materials/Obstacles/Signport_Collide.uasset" 48
"../../../CrappyBird/Content/Import/Meshes/Signpost_Collide.uasset" 49
"../../../CrappyBird/Content/Materials/Street_Lamp.uasset" 50
"../../../CrappyBird/Content/Import/Materials/Obstacles/Streetlight.uasset" 51
"../../../CrappyBird/Content/Import/Meshes/SM_Streetlamp.uasset" 52
"../../../CrappyBird/Content/Import/Sprite/Noise/Lamp_Post/Street_Lamp_Noise_Spritesheet.uasset" 53
"../../../CrappyBird/Content/Materials/Street_Lamp_Collide.uasset" 54
"../../../CrappyBird/Content/Import/Materials/Obstacles/Streetlight_Collide.uasset" 55
"../../../CrappyBird/Content/Import/Meshes/SM_Streetlamp_Collide.uasset" 56
"../../../CrappyBird/Content/Import/Textures/Stop_Sign.uasset" 57
"../../../CrappyBird/Content/Import/Materials/Obstacles/Stop_Post2.uasset" 58
"../../../CrappyBird/Content/Import/Meshes/Stop_Post.uasset" 59
"../../../CrappyBird/Content/Import/Flipbook/Flipbook_sprites/Noise/Stop_Sign/Stop_Post_Noise_Spritesheet.uasset" 60
"../../../CrappyBird/Content/Import/Materials/Obstacles/Stop_Post_Collide2.uasset" 61
"../../../CrappyBird/Content/Import/Meshes/Stop_Post_Collide.uasset" 62
"../../../CrappyBird/Content/Import/Textures/Telephone_Line.uasset" 63
"../../../CrappyBird/Content/Import/Materials/Obstacles/Telephone_Post2.uasset" 64
"../../../CrappyBird/Content/Import/Meshes/Telephone_Post.uasset" 65
"../../../CrappyBird/Content/Import/Sprite/Noise/Telephone_Pole/Telephone_Line_Noise_Spritesheet.uasset" 66
"../../../CrappyBird/Content/Import/Materials/Obstacles/Telephone_Post_Collide2.uasset" 67
"../../../CrappyBird/Content/Import/Meshes/Telephone_Post_Collide.uasset" 68
"../../../CrappyBird/Content/Import/Textures/UI/Main_UI_Texture.uasset" 69
"../../../CrappyBird/Content/Import/Materials/UI/Crap_Button.uasset" 70
"../../../CrappyBird/Content/Import/Meshes/UI/SM_Crap_Button.uasset" 71
"../../../CrappyBird/Content/Import/Materials/UI/Flap_Button.uasset" 72
"../../../CrappyBird/Content/Import/Meshes/UI/SM_Flap_Button.uasset" 73
"../../../CrappyBird/Content/Import/Materials/UI/Game_Over.uasset" 74
"../../../CrappyBird/Content/Import/Meshes/UI/SM_Game_Over_Sign.uasset" 75
"../../../CrappyBird/Content/Import/Materials/UI/Go_.uasset" 76
"../../../CrappyBird/Content/Import/Meshes/UI/SM_Go__Sign.uasset" 77
"../../../CrappyBird/Content/Import/Materials/UI/Play_Button.uasset" 78
"../../../CrappyBird/Content/Import/Meshes/UI/SM_Play_Button.uasset" 79
"../../../CrappyBird/Content/Import/Materials/UI/Score_Tab.uasset" 80
"../../../CrappyBird/Content/Import/Meshes/UI/SM_Score_Tab.uasset" 81
"../../../CrappyBird/Content/Import/Materials/UI/Tap.uasset" 82
"../../../CrappyBird/Content/Import/Meshes/UI/SM_Tap_Sign.uasset" 83
"../../../CrappyBird/Content/Import/Materials/UI/Title_Sign.uasset" 84
"../../../CrappyBird/Content/Import/Meshes/UI/SM_Title_Sign.uasset" 85
"../../../Engine/Plugins/2D/Paper2D/Content/PlaceholderTextures/DummySpriteTexture.uasset" 86
"../../../Engine/Plugins/2D/Paper2D/Content/DefaultSpriteMaterial.uasset" 87
"../../../Engine/Plugins/2D/Paper2D/Content/TranslucentUnlitSpriteMaterial.uasset" 88
"../../../CrappyBird/Content/Import/Textures/Shittteeeee/Shiitttteeee__.uasset" 89
"../../../CrappyBird/Content/Import/Sprite/Shhiiitttteeeee/Shiitttteeee___Sprite.uasset" 90
"../../../CrappyBird/Content/Meshes/SM_BG_Clouds_01.uasset" 91
"../../../CrappyBird/Content/Meshes/SM_BG_Clouds_02.uasset" 92
"../../../CrappyBird/Content/Meshes/SM_BG_Fence_01.uasset" 93
"../../../CrappyBird/Content/Meshes/SM_BG_Ground_01.uasset" 94
"../../../CrappyBird/Content/Meshes/SM_BG_Plants_01.uasset" 95
"../../../CrappyBird/Content/Materials/M_BG_Sky.uasset" 96
"../../../CrappyBird/Content/Meshes/SM_BG_Sky_01.uasset" 97
"../../../CrappyBird/Content/Materials/T_TappyChicken_UI_01.uasset" 98
"../../../CrappyBird/Content/Materials/M_TappyChicken_UI_01_Alpha.uasset" 99
"../../../CrappyBird/Content/Meshes/SM_Btn_Achievements.uasset" 100
"../../../CrappyBird/Content/Meshes/SM_Btn_LeaderBoard.uasset" 101
"../../../CrappyBird/Content/Meshes/SM_Btn_Rate.uasset" 102
"../../../CrappyBird/Content/Meshes/SM_New.uasset" 103
"../../../CrappyBird/Content/Import/Textures/Crappy_Bird_4X.uasset" 104
"../../../CrappyBird/Content/Materials/M_TappyChicken_01.uasset" 105
"../../../CrappyBird/Content/Meshes/SM_Player_01.uasset" 106
"../../../CrappyBird/Content/Blueprints/BP_MainGame.uasset" 107
"../../../CrappyBird/Content/SetupFiles/BP_SimpleGame_HUD.uasset" 108
"../../../CrappyBird/Content/SetupFiles/BP_SimpleGame_Pawn.uasset" 109
"../../../CrappyBird/Content/SetupFiles/BP_SimpleGame_PlayerController.uasset" 110
"../../../CrappyBird/Content/SetupFiles/BP_SimpleGame_GameInfo.uasset" 111
"../../../Engine/Content/Functions/Engine_MaterialFunctions01/Opacity/CameraDepthFade.uasset" 112
"../../../Engine/Content/EngineMaterials/T_Default_Material_Grid_M.uasset" 113
"../../../Engine/Content/EngineMaterials/T_Default_Material_Grid_N.uasset" 114
"../../../Engine/Content/EngineMaterials/WorldGridMaterial.uasset" 115
"../../../Engine/Content/EditorResources/MatineeCam_D.uasset" 116
"../../../CrappyBird/Content/Maps/TappyChickenMap.umap" 117
"../../../Engine/Content/EditorResources/S_Actor.uasset" 118
"../../../Engine/Content/Maps/Templates/Thumbnails/Default.uasset" 119
"../../../Engine/Content/EditorMaterials/ParticleSystems/PSysThumbnail_NoImage.uasset" 120
"../../../Engine/Content/EditorMaterials/ParticleSystems/PSysThumbnail_OOD.uasset" 121
"../../../Engine/Content/EditorLandscapeResources/DataLayer.uasset" 122
"../../../Engine/Content/EngineFonts/Roboto.uasset" 123
"../../../Engine/Content/Functions/Engine_MaterialFunctions01/Shading/PowerToRoughness.uasset" 124
"../../../Engine/Content/Functions/Engine_MaterialFunctions01/Shading/ConvertFromDiffSpec.uasset" 125
"../../../Engine/Content/EngineMaterials/DefaultDiffuse.uasset" 126
"../../../Engine/Content/EngineMaterials/DefaultDeferredDecalMaterial.uasset" 127
"../../../Engine/Content/EngineMaterials/DefaultLightFunctionMaterial.uasset" 128
"../../../Engine/Content/Functions/Engine_MaterialFunctions02/Utility/BreakOutFloat2Components.uasset" 129
"../../../Engine/Content/EngineMaterials/DefaultPostProcessMaterial.uasset" 130
"../../../Engine/Content/EngineResources/DefaultTexture.uasset" 131
"../../../Engine/Content/Functions/Engine_MaterialFunctions02/Texturing/ScreenAlignedUVs.uasset" 132
"../../../Engine/Content/EngineResources/WhiteSquareTexture.uasset" 133
"../../../Engine/Content/EngineMaterials/Widget3DPassThrough.uasset" 134
"../../../Engine/Content/EngineMaterials/Widget3DPassThrough_Translucent.uasset" 135
"../../../Engine/Content/EngineMaterials/Widget3DPassThrough_Translucent_OneSided.uasset" 136
"../../../Engine/Content/EngineMaterials/Widget3DPassThrough_Opaque.uasset" 137
"../../../Engine/Content/EngineMaterials/Widget3DPassThrough_Opaque_OneSided.uasset" 138
"../../../Engine/Content/EngineMaterials/Widget3DPassThrough_Masked.uasset" 139
"../../../Engine/Content/EngineMaterials/Widget3DPassThrough_Masked_OneSided.uasset" 140
"../../../Engine/Content/EngineDamageTypes/DmgTypeBP_Environmental.uasset" 141
"../../../Engine/Content/EngineMeshes/Sphere.uasset" 142
"../../../Engine/Content/EngineFonts/RobotoDistanceField.uasset" 143
"../../../Engine/Content/EngineMaterials/DefaultTextMaterialOpaque.uasset" 144
"../../../Engine/Content/EditorResources/S_Trigger.uasset" 145
"../../../Engine/Content/EngineResources/GradientTexture0.uasset" 146
"../../../Engine/Content/EngineResources/Black.uasset" 147
"../../../Engine/Content/EditorMaterials/MatineeGroups/MAT_Groups_Float.uasset" 148
"../../../Engine/Content/EditorMaterials/MatineeGroups/MAT_Groups_Director.uasset" 149
"../../../Engine/Content/EditorMaterials/MatineeGroups/MAT_Groups_Event.uasset" 150
"../../../Engine/Content/EditorMaterials/MatineeGroups/MAT_Groups_Anim.uasset" 151
"../../../Engine/Content/EditorMaterials/MatineeGroups/MAT_Groups_Fade.uasset" 152
"../../../Engine/Content/EditorMaterials/MatineeGroups/MAT_Groups_Move.uasset" 153
"../../../Engine/Content/EditorMaterials/MatineeGroups/MAT_Groups_Slomo.uasset" 154
"../../../Engine/Content/EditorMaterials/MatineeGroups/MAT_ColorTrack.uasset" 155
"../../../Engine/Content/EditorMaterials/MAT_Groups_Toggle.uasset" 156
"../../../Engine/Content/EditorMaterials/MatineeGroups/MAT_Groups_AudioMaster.uasset" 157
"../../../Engine/Content/EditorMaterials/MatineeGroups/MAT_Groups_Sound.uasset" 158
"../../../Engine/Content/EditorMaterials/MatineeGroups/MAT_Groups_Vector.uasset" 159
"../../../Engine/Content/EditorMaterials/MAT_Groups_Visibility.uasset" 160
"../../../Engine/Content/EngineResources/DefaultTextureCube.uasset" 161
"../../../Engine/Content/EngineMaterials/DefaultMaterial.uasset" 162
"../../../Engine/Content/EngineMeshes/Cylinder.uasset" 163
"../../../Engine/Content/EngineTireTypes/DefaultTireType.uasset" 164
"../../../Engine/Content/EngineResources/AICON-Red.uasset" 165
"../../../Engine/Content/EngineResources/AICON-Green.uasset" 166
"../../../Engine/Content/Tutorial/Basics/TutorialAssets/icon_tab_Levels_40x.uasset" 167
"../../../Engine/Content/Tutorial/Basics/LevelEditorOverview.uasset" 168
"../../../Engine/Content/Tutorial/Basics/LevelEditorAttract.uasset" 169
"../../../Engine/Content/Tutorial/SubEditors/TutorialAssets/T_SmokeSubUV_8X8.uasset" 170
"../../../Engine/Content/Tutorial/SubEditors/TutorialAssets/T_soft_smoke.uasset" 171
"../../../Engine/Content/Tutorial/SubEditors/TutorialAssets/M_smoke_subUV_blackbody.uasset" 172
"../../../Engine/Content/Tutorial/SubEditors/TutorialAssets/TutorialParticleSystem.uasset" 173
"../../../Engine/Content/Tutorial/SubEditors/ParticleSystemEditorTutorial.uasset" 174
"../../../Engine/Content/Tutorial/BlueprintTutorials/TutorialAssets/Blueprint_64x.uasset" 175
"../../../Engine/Content/Tutorial/BlueprintTutorials/BlueprintEditorTutorial.uasset" 176
"../../../Engine/Content/EngineMeshes/Cube.uasset" 177
"../../../Engine/Content/Tutorial/SubEditors/StaticMeshEditorTutorial.uasset" 178
"../../../Engine/Content/Tutorial/BlueprintTutorials/TutorialAssets/BlueprintInterface_64x.uasset" 179
"../../../Engine/Content/Tutorial/BlueprintTutorials/TutorialAssets/Tutorial_BP_Interface.uasset" 180
"../../../Engine/Content/Tutorial/BlueprintTutorials/BlueprintInterfacesEditorOverview.uasset" 181
"../../../Engine/Content/Tutorial/ContentIntroCurve.uasset" 182
"../../../Engine/Plugins/2D/Paper2D/Content/MaskedUnlitSpriteMaterial.uasset" 183
"../../../Engine/Plugins/2D/Paper2D/Content/OpaqueUnlitSpriteMaterial.uasset" 184
"../../../Engine/Plugins/2D/Paper2D/Content/DummySpriteTexture.uasset" 185
"../../../Engine/Plugins/2D/Paper2D/Content/DummySprite.uasset" 186
"../../../Engine/Plugins/2D/Paper2D/Content/DefaultPaperTerrainMaterial.uasset" 187
"../../../Engine/Content/EngineMaterials/RemoveSurfaceMaterial.uasset" 188
"../../../Engine/Content/EngineDebugMaterials/DebugMeshMaterial.uasset" 189
"../../../Engine/Content/EngineMaterials/InvalidLightmapSettings.uasset" 190
"../../../Engine/Content/EngineMaterials/M_InvalidLightmapSettings.uasset" 191
"../../../Engine/Content/EditorMaterials/GizmoMaterial.uasset" 192
"../../../Engine/Content/EngineMaterials/Good64x64TilingNoiseHighFreq.uasset" 193
"../../../Engine/Content/EngineMaterials/DefaultBokeh.uasset" 194
"../../../Engine/Content/EngineMaterials/PreintegratedSkinBRDF.uasset" 195
"../../../Engine/Content/EngineMaterials/MiniFont.uasset" 196
"../../../Engine/Content/EngineMaterials/WeightMapPlaceholderTexture.uasset" 197
"../../../Engine/Content/EngineMaterials/DefaultWhiteGrid.uasset" 198
"../../../Engine/Content/EngineMaterials/DefaultPhysicalMaterial.uasset" 199
"../../../Engine/Content/EngineFonts/RobotoTiny.uasset" 200
"../../../Engine/Content/EditorResources/BSPVertex.uasset" 201
"../../../Engine/Content/EngineDebugMaterials/GeomMaterial.uasset" 202
"../../../Engine/Content/EngineDebugMaterials/HeatmapGradient.uasset" 203
"../../../Engine/Content/EngineDebugMaterials/BoneWeightMaterial.uasset" 204
"../../../Engine/Content/EditorMaterials/PhAT_JointLimitMaterial.uasset" 205
"../../../Engine/Content/EditorMaterials/PreviewShadowIndicator.uasset" 206
"../../../Engine/Content/EditorMaterials/PreviewShadowIndicatorMaterial.uasset" 207
"../../../Engine/Content/EngineMaterials/EditorBrushMaterial.uasset" 208
"../../../Engine/Content/EditorMeshes/ColorCalibrator/M_ChromeBall.uasset" 209
"../../../Engine/Content/EditorMeshes/ColorCalibrator/M_ClearCoat.uasset" 210
"../../../Engine/Content/EditorMeshes/ColorCalibrator/M_ClearCoatBlack.uasset" 211
"../../../Engine/Content/EditorMeshes/ColorCalibrator/T_ColorGrid.uasset" 212
"../../../Engine/Content/EditorMeshes/ColorCalibrator/M_ColorGrid.uasset" 213
"../../../Engine/Content/EditorMeshes/ColorCalibrator/M_GreyBall.uasset" 214
"../../../Engine/Content/EditorMeshes/ColorCalibrator/SM_ColorCalibrator.uasset" 215
"../../../Engine/Content/Tutorial/SubEditors/TutorialAssets/icon_Editor_Preferences_General_40x.uasset" 216
"../../../Engine/Content/Tutorial/BlueprintTutorials/TutorialAssets/BlueprintMacroLibrary_64x.uasset" 217
"../../../Engine/Content/Tutorial/BlueprintTutorials/TutorialAssets/Tutorial_BP_MacroLib.uasset" 218
"../../../Engine/Content/Tutorial/BlueprintTutorials/BlueprintMacroLibrariesEditorOverview.uasset" 219
"../../../Engine/Content/Tutorial/BlueprintTutorials/LevelBlueprintEditorOverview.uasset" 220
"../../../Engine/Content/EditorMeshes/EditorCube.uasset" 221
"../../../Engine/Content/Tutorial/SubEditors/TutorialAssets/Tutorial_DM.uasset" 222
"../../../Engine/Content/Tutorial/SubEditors/DestructibleMeshEditorTutorial.uasset" 223
"../../../Engine/Content/Tutorial/SubEditors/TutorialAssets/TutorialMaterial.uasset" 224
"../../../Engine/Content/Tutorial/SubEditors/MaterialEditorTutorial.uasset" 225
"../../../Engine/Content/Tutorial/SubEditors/TutorialAssets/icon_ShowSkeletalMeshes_40x.uasset" 226
"../../../Engine/Content/Tutorial/SubEditors/TutorialAssets/Character/TutorialTPP_Mat.uasset" 227
"../../../Engine/Content/Tutorial/SubEditors/TutorialAssets/Character/TutorialTPP_PhysicsAsset.uasset" 228
"../../../Engine/Content/Tutorial/SubEditors/TutorialAssets/Character/TutorialTPP.uasset" 229
"../../../Engine/Content/Tutorial/SubEditors/TutorialAssets/Character/TutorialTPP_Skeleton.uasset" 230
"../../../Engine/Content/Tutorial/SubEditors/TutorialAssets/Character/Tutorial_Idle.uasset" 231
"../../../Engine/Content/Tutorial/SubEditors/TutorialAssets/Character/Tutorial_Walk_Fwd.uasset" 232
"../../../Engine/Content/Tutorial/SubEditors/TutorialAssets/Character/NewBlendSpace1D.uasset" 233
"../../../Engine/Content/Tutorial/SubEditors/TutorialAssets/Character/TutorialCharacter.uasset" 234
"../../../Engine/Content/Tutorial/SubEditors/TutorialAssets/Character/TutorialTPP_AnimBlueprint.uasset" 235
"../../../Engine/Content/Tutorial/SubEditors/PersonaAnimBlueprintEditorWalkthrough.uasset" 236
"../../../Engine/Content/Tutorial/SubEditors/PersonaAnimEditorWalkthrough.uasset" 237
"../../../Engine/Content/Tutorial/Paper2D/TutorialAssets/Paper2DSprite_TutorialIcon.uasset" 238
"../../../Engine/Content/Tutorial/Paper2D/SpriteEditorTutorial.uasset" 239
"../../../Engine/Content/Tutorial/Paper2D/TutorialAssets/Paper2DFlipbook_TutorialIcon.uasset" 240
"../../../Engine/Content/Tutorial/Paper2D/FlipbookEditorTutorial.uasset" 241
"../../../Engine/Content/Tutorial/Landscape/TutorialAssets/Landscape.uasset" 242
"../../../Engine/Content/Tutorial/Landscape/Landscape_Painting_Mode.uasset" 243
"../../../Engine/Content/Tutorial/Landscape/Landscape_Sculpt_Mode.uasset" 244
"../../../Engine/Content/Tutorial/Landscape/Landscape_Manage_Mode.uasset" 245
"../../../Engine/Content/Tutorial/Foliage/TutorialAssets/Foliage.uasset" 246
"../../../Engine/Content/Tutorial/Foliage/Foliage_Settings_Tutorial.uasset" 247
"../../../Engine/Content/Tutorial/Foliage/Foliage_Using_The_Tool_Tutorial.uasset" 248
"../../../Engine/Content/Tutorial/Foliage/Foliage_Intro_Tutorial.uasset" 249
