"/Users/Harshsingh/Documents/Git/Crappy_Bird/CrappyBird.uproject" 1
"../../../Engine/Plugins/2D/Paper2D/Paper2D.uplugin" 2
"../../../Engine/Plugins/Blendables/LightPropagationVolume/LightPropagationVolume.uplugin" 3
"../../../Engine/Plugins/Developer/BlankPlugin/BlankPlugin.uplugin" 4
"../../../Engine/Plugins/Developer/CodeLiteSourceCodeAccess/CodeLiteSourceCodeAccess.uplugin" 5
"../../../Engine/Plugins/Developer/GitSourceControl/GitSourceControl.uplugin" 6
"../../../Engine/Plugins/Developer/KDevelopSourceCodeAccess/KDevelopSourceCodeAccess.uplugin" 7
"../../../Engine/Plugins/Developer/NullSourceCodeAccess/NullSourceCodeAccess.uplugin" 8
"../../../Engine/Plugins/Developer/OneSkyLocalizationService/OneSkyLocalizationService.uplugin" 9
"../../../Engine/Plugins/Developer/PerforceSourceControl/PerforceSourceControl.uplugin" 10
"../../../Engine/Plugins/Developer/SubversionSourceControl/SubversionSourceControl.uplugin" 11
"../../../Engine/Plugins/Developer/UObjectPlugin/UObjectPlugin.uplugin" 12
"../../../Engine/Plugins/Developer/VisualStudioSourceCodeAccess/VisualStudioSourceCodeAccess.uplugin" 13
"../../../Engine/Plugins/Developer/XCodeSourceCodeAccess/XCodeSourceCodeAccess.uplugin" 14
"../../../Engine/Plugins/Editor/EpicSurvey/EpicSurvey.uplugin" 15
"../../../Engine/Plugins/Editor/MacGraphicsSwitching/MacGraphicsSwitching.uplugin" 16
"../../../Engine/Plugins/Editor/PluginBrowser/PluginBrowser.uplugin" 17
"../../../Engine/Plugins/Editor/SpeedTreeImporter/SpeedTreeImporter.uplugin" 18
"../../../Engine/Plugins/Experimental/BlueprintStats/BlueprintStats.uplugin" 19
"../../../Engine/Plugins/Experimental/CharacterAI/CharacterAI.uplugin" 20
"../../../Engine/Plugins/Experimental/CodeEditor/CodeEditor.uplugin" 21
"../../../Engine/Plugins/Experimental/CodeView/CodeView.uplugin" 22
"../../../Engine/Plugins/Experimental/HTML5Networking/HTML5Networking.uplugin" 23
"../../../Engine/Plugins/Experimental/LiveEditor/LiveEditor.uplugin" 24
"../../../Engine/Plugins/Experimental/Phya/Phya.uplugin" 25
"../../../Engine/Plugins/Experimental/SimpleHMD/SimpleHMD.uplugin" 26
"../../../Engine/Plugins/Experimental/StructBox/StructBox.uplugin" 27
"../../../Engine/Plugins/Media/AndroidMedia/AndroidMedia.uplugin" 28
"../../../Engine/Plugins/Media/AvfMedia/AvfMedia.uplugin" 29
"../../../Engine/Plugins/Media/MediaPlayerEditor/MediaPlayerEditor.uplugin" 30
"../../../Engine/Plugins/Media/WmfMedia/WmfMedia.uplugin" 31
"../../../Engine/Plugins/Messaging/MessagingDebugger/MessagingDebugger.uplugin" 32
"../../../Engine/Plugins/Messaging/UdpMessaging/UdpMessaging.uplugin" 33
"../../../Engine/Plugins/MovieScene/LevelSequenceEditor/LevelSequenceEditor.uplugin" 34
"../../../Engine/Plugins/NetcodeUnitTest/NetcodeUnitTest/NetcodeUnitTest.uplugin" 35
"../../../Engine/Plugins/NetcodeUnitTest/NUTUnrealEngine4/NUTUnrealEngine4.uplugin" 36
"../../../Engine/Plugins/Runtime/Advertising/IOSTapJoy/IOSTapJoy.uplugin" 37
"../../../Engine/Plugins/Runtime/Analytics/AnalyticsBlueprintLibrary/AnalyticsBlueprintLibrary.uplugin" 38
"../../../Engine/Plugins/Runtime/Analytics/AnalyticsMulticast/AnalyticsMulticast.uplugin" 39
"../../../Engine/Plugins/Runtime/Analytics/Apsalar/IOSApsalar/IOSApsalar.uplugin" 40
"../../../Engine/Plugins/Runtime/Analytics/FileLogging/FileLogging.uplugin" 41
"../../../Engine/Plugins/Runtime/Analytics/Flurry/IOSFlurry/IOSFlurry.uplugin" 42
"../../../Engine/Plugins/Runtime/AndroidDeviceProfileSelector/AndroidDeviceProfileSelector.uplugin" 43
"../../../Engine/Plugins/Runtime/AndroidMoviePlayer/AndroidMoviePlayer.uplugin" 44
"../../../Engine/Plugins/Runtime/AppleMoviePlayer/AppleMoviePlayer.uplugin" 45
"../../../Engine/Plugins/Runtime/ArchVisCharacter/ArchVisCharacter.uplugin" 46
"../../../Engine/Plugins/Runtime/CableComponent/CableComponent.uplugin" 47
"../../../Engine/Plugins/Runtime/CustomMeshComponent/CustomMeshComponent.uplugin" 48
"../../../Engine/Plugins/Runtime/ExampleDeviceProfileSelector/ExampleDeviceProfileSelector.uplugin" 49
"../../../Engine/Plugins/Runtime/GearVR/GearVR.uplugin" 50
"../../../Engine/Plugins/Runtime/IOSDeviceProfileSelector/IOSDeviceProfileSelector.uplugin" 51
"../../../Engine/Plugins/Runtime/LeapMotionController/LeapMotionController.uplugin" 52
"../../../Engine/Plugins/Runtime/LinuxDeviceProfileSelector/LinuxDeviceProfileSelector.uplugin" 53
"../../../Engine/Plugins/Runtime/LiveEditorListenServer/LiveEditorListenServer.uplugin" 54
"../../../Engine/Plugins/Runtime/OculusAudio/OculusAudio.uplugin" 55
"../../../Engine/Plugins/Runtime/OculusInput/OculusInput.uplugin" 56
"../../../Engine/Plugins/Runtime/OculusLibrary/OculusLibrary.uplugin" 57
"../../../Engine/Plugins/Runtime/OculusRift/OculusRift.uplugin" 58
"../../../Engine/Plugins/Runtime/ProceduralMeshComponent/ProceduralMeshComponent.uplugin" 59
"../../../Engine/Plugins/Runtime/SoundMod/SoundMod.uplugin" 60
"../../../Engine/Plugins/Runtime/SoundVisualizations/SoundVisualizations.uplugin" 61
"../../../Engine/Plugins/Runtime/Steam/SteamController/SteamController.uplugin" 62
"../../../Engine/Plugins/Runtime/Steam/SteamVR/SteamVR.uplugin" 63
"../../../Engine/Plugins/Runtime/WebBrowserWidget/WebBrowserWidget.uplugin" 64
"../../../Engine/Plugins/Runtime/WindowsDeviceProfileSelector/WindowsDeviceProfileSelector.uplugin" 65
"../../../Engine/Plugins/Runtime/WindowsMoviePlayer/WindowsMoviePlayer.uplugin" 66
"../../../Engine/Plugins/ScriptGeneratorPlugin/ScriptGeneratorPlugin.uplugin" 67
"../../../Engine/Plugins/ScriptPlugin/ScriptPlugin.uplugin" 68
"../../../Engine/Plugins/Slate/SlateRemote/SlateRemote.uplugin" 69
"../../../Engine/Content/Internationalization/icudt53l/cnvalias.icu" 70
"../../../Engine/Content/Internationalization/icudt53l/en_US_POSIX.res" 71
"../../../Engine/Content/Internationalization/icudt53l/pool.res" 72
"../../../Engine/Content/Internationalization/icudt53l/en_US.res" 73
"../../../Engine/Content/Internationalization/icudt53l/en.res" 74
"../../../Engine/Content/Internationalization/icudt53l/root.res" 75
"../../../Engine/Content/Internationalization/icudt53l/en_IN.res" 76
"../../../Engine/Content/Internationalization/icudt53l/en_GB.res" 77
"../../../Engine/Content/Internationalization/icudt53l/en_001.res" 78
"/Users/Harshsingh/Library/Application Support/Epic/Epic Games/KeyValueStore.ini" 79
"/Users/Harshsingh/Library/Application Support/Epic/UnrealEngine/4.10/Saved/Config/Mac/Manifest.ini" 80
"../../../Engine/Config/Base.ini" 81
"../../../Engine/Config/BaseEngine.ini" 82
"/Users/Harshsingh/Documents/Git/Crappy_Bird/Config/DefaultEngine.ini" 83
"../../../Engine/Config/Mac/MacEngine.ini" 84
"/Users/Harshsingh/Library/Preferences/Unreal Engine/CrappyBirdEditor/Mac/Engine.ini" 85
"../../../../../../Harshsingh/Documents/Git/Crappy_Bird/Intermediate/Config/CoalescedSourceConfigs/Engine.ini" 86
"../../../Engine/Config/BaseGame.ini" 87
"/Users/Harshsingh/Documents/Git/Crappy_Bird/Config/DefaultGame.ini" 88
"/Users/Harshsingh/Library/Preferences/Unreal Engine/CrappyBirdEditor/Mac/Game.ini" 89
"../../../../../../Harshsingh/Documents/Git/Crappy_Bird/Intermediate/Config/CoalescedSourceConfigs/Game.ini" 90
"../../../Engine/Config/BaseInput.ini" 91
"/Users/Harshsingh/Documents/Git/Crappy_Bird/Config/DefaultInput.ini" 92
"/Users/Harshsingh/Library/Preferences/Unreal Engine/CrappyBirdEditor/Mac/Input.ini" 93
"../../../../../../Harshsingh/Documents/Git/Crappy_Bird/Intermediate/Config/CoalescedSourceConfigs/Input.ini" 94
"../../../Engine/Config/BaseEditor.ini" 95
"/Users/Harshsingh/Documents/Git/Crappy_Bird/Config/DefaultEditor.ini" 96
"/Users/Harshsingh/Library/Preferences/Unreal Engine/CrappyBirdEditor/Mac/Editor.ini" 97
"../../../../../../Harshsingh/Documents/Git/Crappy_Bird/Intermediate/Config/CoalescedSourceConfigs/Editor.ini" 98
"../../../Engine/Config/BaseEditorPerProjectUserSettings.ini" 99
"../../../Engine/Config/Mac/MacEditorPerProjectUserSettings.ini" 100
"/Users/Harshsingh/Library/Preferences/Unreal Engine/CrappyBirdEditor/Mac/EditorPerProjectUserSettings.ini" 101
"../../../../../../Harshsingh/Documents/Git/Crappy_Bird/Intermediate/Config/CoalescedSourceConfigs/EditorPerProjectUserSettings.ini" 102
"../../../Engine/Config/BaseEditorSettings.ini" 103
"/Users/Harshsingh/Library/Application Support/Epic/UnrealEngine/4.10/Saved/Config/Mac/EditorSettings.ini" 104
"../../../../../../Harshsingh/Documents/Git/Crappy_Bird/Intermediate/Config/CoalescedSourceConfigs/EditorSettings.ini" 105
"../../../Engine/Config/BaseEditorLayout.ini" 106
"/Users/Harshsingh/Library/Application Support/Epic/UnrealEngine/4.10/Saved/Config/Mac/EditorLayout.ini" 107
"../../../../../../Harshsingh/Documents/Git/Crappy_Bird/Intermediate/Config/CoalescedSourceConfigs/EditorLayout.ini" 108
"../../../Engine/Config/BaseEditorKeyBindings.ini" 109
"/Users/Harshsingh/Library/Application Support/Epic/UnrealEngine/4.10/Saved/Config/Mac/EditorKeyBindings.ini" 110
"../../../../../../Harshsingh/Documents/Git/Crappy_Bird/Intermediate/Config/CoalescedSourceConfigs/EditorKeyBindings.ini" 111
"../../../Engine/Config/BaseCompat.ini" 112
"/Users/Harshsingh/Library/Preferences/Unreal Engine/CrappyBirdEditor/Mac/Compat.ini" 113
"../../../../../../Harshsingh/Documents/Git/Crappy_Bird/Intermediate/Config/CoalescedSourceConfigs/Compat.ini" 114
"../../../Engine/Config/BaseLightmass.ini" 115
"/Users/Harshsingh/Library/Preferences/Unreal Engine/CrappyBirdEditor/Mac/Lightmass.ini" 116
"../../../../../../Harshsingh/Documents/Git/Crappy_Bird/Intermediate/Config/CoalescedSourceConfigs/Lightmass.ini" 117
"../../../Engine/Config/BaseScalability.ini" 118
"/Users/Harshsingh/Library/Preferences/Unreal Engine/CrappyBirdEditor/Mac/Scalability.ini" 119
"../../../../../../Harshsingh/Documents/Git/Crappy_Bird/Intermediate/Config/CoalescedSourceConfigs/Scalability.ini" 120
"/Users/Harshsingh/Library/Preferences/Unreal Engine/CrappyBirdEditor/Mac/GameUserSettings.ini" 121
"../../../../../../Harshsingh/Documents/Git/Crappy_Bird/Intermediate/Config/CoalescedSourceConfigs/GameUserSettings.ini" 122
"../../../Engine/Config/BaseDeviceProfiles.ini" 123
"/Users/Harshsingh/Documents/Git/Crappy_Bird/Config/DefaultDeviceProfiles.ini" 124
"/Users/Harshsingh/Library/Preferences/Unreal Engine/CrappyBirdEditor/Mac/DeviceProfiles.ini" 125
"../../../../../../Harshsingh/Documents/Git/Crappy_Bird/Intermediate/Config/CoalescedSourceConfigs/DeviceProfiles.ini" 126
"../../../Engine/Config/ConsoleVariables.ini" 127
"../../../Engine/Content/Internationalization/icudt53l/es.res" 128
"../../../Engine/Content/Internationalization/icudt53l/ja.res" 129
"../../../Engine/Content/Internationalization/icudt53l/ko.res" 130
"../../../Engine/Content/Internationalization/icudt53l/pt_BR.res" 131
"../../../Engine/Content/Internationalization/icudt53l/pt.res" 132
"../../../Engine/Content/Internationalization/icudt53l/zh_CN.res" 133
"../../../Engine/Content/Internationalization/icudt53l/zh_Hans_CN.res" 134
"../../../Engine/Content/Internationalization/icudt53l/zh_Hans.res" 135
"../../../Engine/Content/Internationalization/icudt53l/zh.res" 136
"/Users/Shared/UnrealEngine/4.10/Engine/Content/Localization/Editor/en/Editor.locres" 137
"/Users/Shared/UnrealEngine/4.10/Engine/Content/Localization/EditorTutorials/en/EditorTutorials.locres" 138
"/Users/Shared/UnrealEngine/4.10/Engine/Content/Localization/Keywords/en/Keywords.locres" 139
"/Users/Shared/UnrealEngine/4.10/Engine/Content/Localization/Category/en/Category.locres" 140
"/Users/Shared/UnrealEngine/4.10/Engine/Content/Localization/ToolTips/en/ToolTips.locres" 141
"/Users/Shared/UnrealEngine/4.10/Engine/Content/Localization/PropertyNames/en/PropertyNames.locres" 142
"/Users/Shared/UnrealEngine/4.10/Engine/Content/Localization/Engine/en/Engine.locres" 143
"../../../Engine/Content/Slate/Fonts/Roboto-Regular.ttf" 144
"../../../Engine/Content/Slate/Fonts/DroidSansMono.ttf" 145
"../../../Engine/Content/Slate/Fonts/Roboto-Bold.ttf" 146
"../../../Engine/Content/Slate/Fonts/Roboto-Light.ttf" 147
"/Users/Shared/UnrealEngine/4.10/Engine/Binaries/Mac/../../../Engine/Shaders/ParticleSpriteVertexFactory.usf" 148
"/Users/Shared/UnrealEngine/4.10/Engine/Binaries/Mac/../../../Engine/Shaders/VertexFactoryCommon.usf" 149
"/Users/Shared/UnrealEngine/4.10/Engine/Binaries/Mac/../../../Engine/Shaders/Common.usf" 150
"/Users/Shared/UnrealEngine/4.10/Engine/Binaries/Mac/../../../Engine/Shaders/MetalCommon.usf" 151
"/Users/Shared/UnrealEngine/4.10/Engine/Binaries/Mac/../../../Engine/Shaders/ShaderVersion.usf" 152
"/Users/Shared/UnrealEngine/4.10/Engine/Binaries/Mac/../../../Engine/Shaders/CommonViewUniformBuffer.usf" 153
"/Users/Shared/UnrealEngine/4.10/Engine/Binaries/Mac/../../../Engine/Shaders/Definitions.usf" 154
"/Users/Shared/UnrealEngine/4.10/Engine/Binaries/Mac/../../../Engine/Shaders/Random.usf" 155
"/Users/Shared/UnrealEngine/4.10/Engine/Binaries/Mac/../../../Engine/Shaders/ParticleVertexFactoryCommon.usf" 156
"/Users/Shared/UnrealEngine/4.10/Engine/Binaries/Mac/../../../Engine/Shaders/ParticleGPUSpriteVertexFactory.usf" 157
"/Users/Shared/UnrealEngine/4.10/Engine/Binaries/Mac/../../../Engine/Shaders/ParticleBeamTrailVertexFactory.usf" 158
"/Users/Shared/UnrealEngine/4.10/Engine/Binaries/Mac/../../../Engine/Shaders/LocalVertexFactory.usf" 159
"/Users/Shared/UnrealEngine/4.10/Engine/Binaries/Mac/../../../Engine/Shaders/LocalVertexFactoryCommon.usf" 160
"/Users/Shared/UnrealEngine/4.10/Engine/Binaries/Mac/../../../Engine/Shaders/VectorFieldVisualizationVertexFactory.usf" 161
"/Users/Shared/UnrealEngine/4.10/Engine/Binaries/Mac/../../../Engine/Shaders/MeshParticleVertexFactory.usf" 162
"/Users/Shared/UnrealEngine/4.10/Engine/Binaries/Mac/../../../Engine/Shaders/GpuSkinVertexFactory.usf" 163
"/Users/Shared/UnrealEngine/4.10/Engine/Binaries/Mac/../../../Engine/Shaders/GpuSkinCacheCommon.usf" 164
"/Users/Shared/UnrealEngine/4.10/Engine/Binaries/Mac/../../../Engine/Shaders/LandscapeVertexFactory.usf" 165
"/Users/Shared/UnrealEngine/4.10/Engine/Binaries/Mac/../../../Engine/Shaders/SlateElementPixelShader.usf" 166
"/Users/Shared/UnrealEngine/4.10/Engine/Binaries/Mac/../../../Engine/Shaders/GammaCorrectionCommon.usf" 167
"/Users/Shared/UnrealEngine/4.10/Engine/Binaries/Mac/../../../Engine/Shaders/MaterialTemplate.usf" 168
"/Users/Shared/UnrealEngine/4.10/Engine/Binaries/Mac/../../../Engine/Shaders/DepthOfFieldCommon.usf" 169
"/Users/Shared/UnrealEngine/4.10/Engine/Binaries/Mac/../../../Engine/Shaders/GlobalDistanceFieldShared.usf" 170
"/Users/Shared/UnrealEngine/4.10/Engine/Binaries/Mac/../../../Engine/Shaders/SpeedTreeCommon.usf" 171
"/Users/Shared/UnrealEngine/4.10/Engine/Binaries/Mac/../../../Engine/Shaders/AtmosphereCommon.usf" 172
"/Users/Shared/UnrealEngine/4.10/Engine/Binaries/Mac/../../../Engine/Shaders/PaniniProjection.usf" 173
"/Users/Shared/UnrealEngine/4.10/Engine/Binaries/Mac/../../../Engine/Shaders/EyeAdaptationCommon.usf" 174
"/Users/Shared/UnrealEngine/4.10/Engine/Binaries/Mac/../../../Engine/Shaders/PostProcessCommon.usf" 175
"/Users/Shared/UnrealEngine/4.10/Engine/Binaries/Mac/../../../Engine/Shaders/DeferredShadingCommon.usf" 176
"/Users/Shared/UnrealEngine/4.10/Engine/Binaries/Mac/../../../Engine/Shaders/LightAccumulator.usf" 177
"/Users/Shared/UnrealEngine/4.10/Engine/Binaries/Mac/../../../Engine/Shaders/SlateVertexShader.usf" 178
"/Users/Shared/UnrealEngine/4.10/Engine/Binaries/Mac/../../../Engine/Shaders/ParticleSortKeyGen.usf" 179
"/Users/Shared/UnrealEngine/4.10/Engine/Binaries/Mac/../../../Engine/Shaders/ParticleBoundsShader.usf" 180
"/Users/Shared/UnrealEngine/4.10/Engine/Binaries/Mac/../../../Engine/Shaders/ParticleSimVisualizeShader.usf" 181
"/Users/Shared/UnrealEngine/4.10/Engine/Binaries/Mac/../../../Engine/Shaders/ParticleInjectionShader.usf" 182
"/Users/Shared/UnrealEngine/4.10/Engine/Binaries/Mac/../../../Engine/Shaders/ParticleSimulationShader.usf" 183
"/Users/Shared/UnrealEngine/4.10/Engine/Binaries/Mac/../../../Engine/Shaders/ParticleCurveInjectionShader.usf" 184
"/Users/Shared/UnrealEngine/4.10/Engine/Binaries/Mac/../../../Engine/Shaders/VectorFieldCompositeShaders.usf" 185
"/Users/Shared/UnrealEngine/4.10/Engine/Binaries/Mac/../../../Engine/Shaders/UpdateTextureShaders.usf" 186
"/Users/Shared/UnrealEngine/4.10/Engine/Binaries/Mac/../../../Engine/Shaders/SimpleElementColorChannelMaskPixelShader.usf" 187
"/Users/Shared/UnrealEngine/4.10/Engine/Binaries/Mac/../../../Engine/Shaders/SimpleElementPixelShader.usf" 188
"/Users/Shared/UnrealEngine/4.10/Engine/Binaries/Mac/../../../Engine/Shaders/ColorUtils.usf" 189
"/Users/Shared/UnrealEngine/4.10/Engine/Binaries/Mac/../../../Engine/Shaders/IESLightProfilesCommon.usf" 190
"/Users/Shared/UnrealEngine/4.10/Engine/Binaries/Mac/../../../Engine/Shaders/SimpleElementHitProxyPixelShader.usf" 191
"/Users/Shared/UnrealEngine/4.10/Engine/Binaries/Mac/../../../Engine/Shaders/SimpleElementVertexShader.usf" 192
"/Users/Shared/UnrealEngine/4.10/Engine/Binaries/Mac/../../../Engine/Shaders/ScreenVertexShader.usf" 193
"/Users/Shared/UnrealEngine/4.10/Engine/Binaries/Mac/../../../Engine/Shaders/ScreenPixelShader.usf" 194
"/Users/Shared/UnrealEngine/4.10/Engine/Binaries/Mac/../../../Engine/Shaders/NullPixelShader.usf" 195
"/Users/Shared/UnrealEngine/4.10/Engine/Binaries/Mac/../../../Engine/Shaders/RadixSortShaders.usf" 196
"/Users/Shared/UnrealEngine/4.10/Engine/Binaries/Mac/../../../Engine/Shaders/GpuSkinCacheComputeShader.usf" 197
"/Users/Shared/UnrealEngine/4.10/Engine/Binaries/Mac/../../../Engine/Shaders/LandscapeGrassWeight.usf" 198
"/Users/Shared/UnrealEngine/4.10/Engine/Binaries/Mac/../../../Engine/Shaders/VisualizeTexture.usf" 199
"/Users/Shared/UnrealEngine/4.10/Engine/Binaries/Mac/../../../Engine/Shaders/ScreenSpaceReflections.usf" 200
"/Users/Shared/UnrealEngine/4.10/Engine/Binaries/Mac/../../../Engine/Shaders/BRDF.usf" 201
"/Users/Shared/UnrealEngine/4.10/Engine/Binaries/Mac/../../../Engine/Shaders/MonteCarlo.usf" 202
"/Users/Shared/UnrealEngine/4.10/Engine/Binaries/Mac/../../../Engine/Shaders/ScreenSpaceRayCast.usf" 203
"/Users/Shared/UnrealEngine/4.10/Engine/Binaries/Mac/../../../Engine/Shaders/PostProcessBloom.usf" 204
"/Users/Shared/UnrealEngine/4.10/Engine/Binaries/Mac/../../../Engine/Shaders/FilterVertexShader.usf" 205
"/Users/Shared/UnrealEngine/4.10/Engine/Binaries/Mac/../../../Engine/Shaders/FilterPixelShader.usf" 206
"/Users/Shared/UnrealEngine/4.10/Engine/Binaries/Mac/../../../Engine/Shaders/PostProcessVisualizeHDR.usf" 207
"/Users/Shared/UnrealEngine/4.10/Engine/Binaries/Mac/../../../Engine/Shaders/PostProcessHistogramCommon.usf" 208
"/Users/Shared/UnrealEngine/4.10/Engine/Binaries/Mac/../../../Engine/Shaders/TonemapCommon.usf" 209
"/Users/Shared/UnrealEngine/4.10/Engine/Binaries/Mac/../../../Engine/Shaders/ACES.usf" 210
"/Users/Shared/UnrealEngine/4.10/Engine/Binaries/Mac/../../../Engine/Shaders/MiniFontCommon.usf" 211
"/Users/Shared/UnrealEngine/4.10/Engine/Binaries/Mac/../../../Engine/Shaders/PostProcessVisualizeBuffer.usf" 212
"/Users/Shared/UnrealEngine/4.10/Engine/Binaries/Mac/../../../Engine/Shaders/PostProcessUpscale.usf" 213
"/Users/Shared/UnrealEngine/4.10/Engine/Binaries/Mac/../../../Engine/Shaders/PostProcessTonemap.usf" 214
"/Users/Shared/UnrealEngine/4.10/Engine/Binaries/Mac/../../../Engine/Shaders/PostProcessTestImage.usf" 215
"/Users/Shared/UnrealEngine/4.10/Engine/Binaries/Mac/../../../Engine/Shaders/PostProcessTemporalAA.usf" 216
"/Users/Shared/UnrealEngine/4.10/Engine/Binaries/Mac/../../../Engine/Shaders/PostProcessTemporalCommon.usf" 217
"/Users/Shared/UnrealEngine/4.10/Engine/Binaries/Mac/../../../Engine/Shaders/PostProcessSubsurface.usf" 218
"/Users/Shared/UnrealEngine/4.10/Engine/Binaries/Mac/../../../Engine/Shaders/SeparableSSS.usf" 219
"/Users/Shared/UnrealEngine/4.10/Engine/Binaries/Mac/../../../Engine/Shaders/PostProcessSelectionOutline.usf" 220
"/Users/Shared/UnrealEngine/4.10/Engine/Binaries/Mac/../../../Engine/Shaders/PostProcessSceneColorFringe.usf" 221
"/Users/Shared/UnrealEngine/4.10/Engine/Binaries/Mac/../../../Engine/Shaders/PostProcessNoiseBlur.usf" 222
"/Users/Shared/UnrealEngine/4.10/Engine/Binaries/Mac/../../../Engine/Shaders/PostProcessMotionBlur.usf" 223
"/Users/Shared/UnrealEngine/4.10/Engine/Binaries/Mac/../../../Engine/Shaders/FastMath.usf" 224
"/Users/Shared/UnrealEngine/4.10/Engine/Binaries/Mac/../../../Engine/Shaders/PostProcessVelocityFlatten.usf" 225
"/Users/Shared/UnrealEngine/4.10/Engine/Binaries/Mac/../../../Engine/Shaders/PostProcessMobile.usf" 226
"/Users/Shared/UnrealEngine/4.10/Engine/Binaries/Mac/../../../Engine/Shaders/PostProcessMaterialShaders.usf" 227
"/Users/Shared/UnrealEngine/4.10/Engine/Binaries/Mac/../../../Engine/Shaders/PostProcessLensFlares.usf" 228
"/Users/Shared/UnrealEngine/4.10/Engine/Binaries/Mac/../../../Engine/Shaders/PostProcessLensBlur.usf" 229
"/Users/Shared/UnrealEngine/4.10/Engine/Binaries/Mac/../../../Engine/Shaders/PostProcessHistogramReduce.usf" 230
"/Users/Shared/UnrealEngine/4.10/Engine/Binaries/Mac/../../../Engine/Shaders/PostProcessHistogram.usf" 231
"/Users/Shared/UnrealEngine/4.10/Engine/Binaries/Mac/../../../Engine/Shaders/PostProcessHierarchical.usf" 232
"/Users/Shared/UnrealEngine/4.10/Engine/Binaries/Mac/../../../Engine/Shaders/PostProcessHMD.usf" 233
"/Users/Shared/UnrealEngine/4.10/Engine/Binaries/Mac/../../../Engine/Shaders/PostProcessGBufferHints.usf" 234
"/Users/Shared/UnrealEngine/4.10/Engine/Binaries/Mac/../../../Engine/Shaders/PostProcessEyeAdaptation.usf" 235
"/Users/Shared/UnrealEngine/4.10/Engine/Binaries/Mac/../../../Engine/Shaders/PostProcessDownsample.usf" 236
"/Users/Shared/UnrealEngine/4.10/Engine/Binaries/Mac/../../../Engine/Shaders/PostProcessDOF.usf" 237
"/Users/Shared/UnrealEngine/4.10/Engine/Binaries/Mac/../../../Engine/Shaders/PostProcessCompositeEditorPrimitives.usf" 238
"/Users/Shared/UnrealEngine/4.10/Engine/Binaries/Mac/../../../Engine/Shaders/PostProcessCombineLUTs.usf" 239
"/Users/Shared/UnrealEngine/4.10/Engine/Binaries/Mac/../../../Engine/Shaders/PostProcessCircleDOF.usf" 240
"/Users/Shared/UnrealEngine/4.10/Engine/Binaries/Mac/../../../Engine/Shaders/CircleDOFCommon.usf" 241
"/Users/Shared/UnrealEngine/4.10/Engine/Binaries/Mac/../../../Engine/Shaders/PostProcessBusyWait.usf" 242
"/Users/Shared/UnrealEngine/4.10/Engine/Binaries/Mac/../../../Engine/Shaders/PostProcessBokehDOF.usf" 243
"/Users/Shared/UnrealEngine/4.10/Engine/Binaries/Mac/../../../Engine/Shaders/PostProcessVisualizeDOF.usf" 244
"/Users/Shared/UnrealEngine/4.10/Engine/Binaries/Mac/../../../Engine/Shaders/FXAAShader.usf" 245
"/Users/Shared/UnrealEngine/4.10/Engine/Binaries/Mac/../../../Engine/Shaders/Fxaa3_11.usf" 246
"/Users/Shared/UnrealEngine/4.10/Engine/Binaries/Mac/../../../Engine/Shaders/PostProcessPassThrough.usf" 247
"/Users/Shared/UnrealEngine/4.10/Engine/Binaries/Mac/../../../Engine/Shaders/PostProcessLpvIndirect.usf" 248
"/Users/Shared/UnrealEngine/4.10/Engine/Binaries/Mac/../../../Engine/Shaders/DeferredLightingCommon.usf" 249
"/Users/Shared/UnrealEngine/4.10/Engine/Binaries/Mac/../../../Engine/Shaders/DynamicLightingCommon.usf" 250
"/Users/Shared/UnrealEngine/4.10/Engine/Binaries/Mac/../../../Engine/Shaders/ShadingModels.usf" 251
"/Users/Shared/UnrealEngine/4.10/Engine/Binaries/Mac/../../../Engine/Shaders/LPVFinalPass.usf" 252
"/Users/Shared/UnrealEngine/4.10/Engine/Binaries/Mac/../../../Engine/Shaders/LPVCommon.usf" 253
"/Users/Shared/UnrealEngine/4.10/Engine/Binaries/Mac/../../../Engine/Shaders/DeferredDecal.usf" 254
"/Users/Shared/UnrealEngine/4.10/Engine/Binaries/Mac/../../../Engine/Shaders/PostProcessAmbientOcclusion.usf" 255
"/Users/Shared/UnrealEngine/4.10/Engine/Binaries/Mac/../../../Engine/Shaders/PostProcessAmbient.usf" 256
"/Users/Shared/UnrealEngine/4.10/Engine/Binaries/Mac/../../../Engine/Shaders/CubemapCommon.usf" 257
"/Users/Shared/UnrealEngine/4.10/Engine/Binaries/Mac/../../../Engine/Shaders/VelocityShader.usf" 258
"/Users/Shared/UnrealEngine/4.10/Engine/Binaries/Mac/../../../Engine/Shaders/VelocityCommon.usf" 259
"/Users/Shared/UnrealEngine/4.10/Engine/Binaries/Mac/../../../Engine/Shaders/Tessellation.usf" 260
"/Users/Shared/UnrealEngine/4.10/Engine/Binaries/Mac/../../../Engine/Shaders/FlatTessellation.usf" 261
"/Users/Shared/UnrealEngine/4.10/Engine/Binaries/Mac/../../../Engine/Shaders/PNTriangles.usf" 262
"/Users/Shared/UnrealEngine/4.10/Engine/Binaries/Mac/../../../Engine/Shaders/TranslucentLightingShaders.usf" 263
"/Users/Shared/UnrealEngine/4.10/Engine/Binaries/Mac/../../../Engine/Shaders/SHCommon.usf" 264
"/Users/Shared/UnrealEngine/4.10/Engine/Binaries/Mac/../../../Engine/Shaders/ShadowProjectionCommon.usf" 265
"/Users/Shared/UnrealEngine/4.10/Engine/Binaries/Mac/../../../Engine/Shaders/TranslucentLightInjectionShaders.usf" 266
"/Users/Shared/UnrealEngine/4.10/Engine/Binaries/Mac/../../../Engine/Shaders/LightFunctionCommon.usf" 267
"/Users/Shared/UnrealEngine/4.10/Engine/Binaries/Mac/../../../Engine/Shaders/TranslucentShadowDepthShaders.usf" 268
"/Users/Shared/UnrealEngine/4.10/Engine/Binaries/Mac/../../../Engine/Shaders/ShadowDepthCommon.usf" 269
"/Users/Shared/UnrealEngine/4.10/Engine/Binaries/Mac/../../../Engine/Shaders/TiledDeferredLightShaders.usf" 270
"/Users/Shared/UnrealEngine/4.10/Engine/Binaries/Mac/../../../Engine/Shaders/SurfelTree.usf" 271
"/Users/Shared/UnrealEngine/4.10/Engine/Binaries/Mac/../../../Engine/Shaders/DistanceFieldLightingShared.usf" 272
"/Users/Shared/UnrealEngine/4.10/Engine/Binaries/Mac/../../../Engine/Shaders/SurfelMaterialShared.usf" 273
"/Users/Shared/UnrealEngine/4.10/Engine/Binaries/Mac/../../../Engine/Shaders/DistanceFieldAOShared.usf" 274
"/Users/Shared/UnrealEngine/4.10/Engine/Binaries/Mac/../../../Engine/Shaders/ShadowProjectionPixelShader.usf" 275
"/Users/Shared/UnrealEngine/4.10/Engine/Binaries/Mac/../../../Engine/Shaders/ShadowFilteringCommon.usf" 276
"/Users/Shared/UnrealEngine/4.10/Engine/Binaries/Mac/../../../Engine/Shaders/ShadowProjectionVertexShader.usf" 277
"/Users/Shared/UnrealEngine/4.10/Engine/Binaries/Mac/../../../Engine/Shaders/ShadowDepthPixelShader.usf" 278
"/Users/Shared/UnrealEngine/4.10/Engine/Binaries/Mac/../../../Engine/Shaders/LPVWriteVplCommon.usf" 279
"/Users/Shared/UnrealEngine/4.10/Engine/Binaries/Mac/../../../Engine/Shaders/LPVWriteCommon.usf" 280
"/Users/Shared/UnrealEngine/4.10/Engine/Binaries/Mac/../../../Engine/Shaders/ShadowDepthVertexShader.usf" 281
"/Users/Shared/UnrealEngine/4.10/Engine/Binaries/Mac/../../../Engine/Shaders/ShaderComplexityApplyPixelShader.usf" 282
"/Users/Shared/UnrealEngine/4.10/Engine/Binaries/Mac/../../../Engine/Shaders/ShaderComplexityApplyVertexShader.usf" 283
"/Users/Shared/UnrealEngine/4.10/Engine/Binaries/Mac/../../../Engine/Shaders/ShaderComplexityAccumulatePixelShader.usf" 284
"/Users/Shared/UnrealEngine/4.10/Engine/Binaries/Mac/../../../Engine/Shaders/HZBOcclusion.usf" 285
"/Users/Shared/UnrealEngine/4.10/Engine/Binaries/Mac/../../../Engine/Shaders/OcclusionQueryVertexShader.usf" 286
"/Users/Shared/UnrealEngine/4.10/Engine/Binaries/Mac/../../../Engine/Shaders/HitProxyPixelShader.usf" 287
"/Users/Shared/UnrealEngine/4.10/Engine/Binaries/Mac/../../../Engine/Shaders/HitProxyVertexShader.usf" 288
"/Users/Shared/UnrealEngine/4.10/Engine/Binaries/Mac/../../../Engine/Shaders/ReflectionEnvironmentShaders.usf" 289
"/Users/Shared/UnrealEngine/4.10/Engine/Binaries/Mac/../../../Engine/Shaders/ReflectionEnvironmentShared.usf" 290
"/Users/Shared/UnrealEngine/4.10/Engine/Binaries/Mac/../../../Engine/Shaders/SkyLightingShared.usf" 291
"/Users/Shared/UnrealEngine/4.10/Engine/Binaries/Mac/../../../Engine/Shaders/ReflectionEnvironmentComputeShaders.usf" 292
"/Users/Shared/UnrealEngine/4.10/Engine/Binaries/Mac/../../../Engine/Shaders/LightShaftShader.usf" 293
"/Users/Shared/UnrealEngine/4.10/Engine/Binaries/Mac/../../../Engine/Shaders/StationaryLightOverlapShaders.usf" 294
"/Users/Shared/UnrealEngine/4.10/Engine/Binaries/Mac/../../../Engine/Shaders/DeferredLightPixelShaders.usf" 295
"/Users/Shared/UnrealEngine/4.10/Engine/Binaries/Mac/../../../Engine/Shaders/DeferredLightVertexShaders.usf" 296
"/Users/Shared/UnrealEngine/4.10/Engine/Binaries/Mac/../../../Engine/Shaders/LPVVisualise.usf" 297
"/Users/Shared/UnrealEngine/4.10/Engine/Binaries/Mac/../../../Engine/Shaders/LPVGeometryVolumeCommon.usf" 298
"/Users/Shared/UnrealEngine/4.10/Engine/Binaries/Mac/../../../Engine/Shaders/LPVDirectLightInject.usf" 299
"/Users/Shared/UnrealEngine/4.10/Engine/Binaries/Mac/../../../Engine/Shaders/LPVPropagate.usf" 300
"/Users/Shared/UnrealEngine/4.10/Engine/Binaries/Mac/../../../Engine/Shaders/LPVPacking.usf" 301
"/Users/Shared/UnrealEngine/4.10/Engine/Binaries/Mac/../../../Engine/Shaders/LPVBuildGeometryVolume.usf" 302
"/Users/Shared/UnrealEngine/4.10/Engine/Binaries/Mac/../../../Engine/Shaders/LpvDirectionalOcclusion.usf" 303
"/Users/Shared/UnrealEngine/4.10/Engine/Binaries/Mac/../../../Engine/Shaders/LPVInject_AccumulateVplLists.usf" 304
"/Users/Shared/UnrealEngine/4.10/Engine/Binaries/Mac/../../../Engine/Shaders/LPVInject_GenerateVplLists.usf" 305
"/Users/Shared/UnrealEngine/4.10/Engine/Binaries/Mac/../../../Engine/Shaders/LPVClearLists.usf" 306
"/Users/Shared/UnrealEngine/4.10/Engine/Binaries/Mac/../../../Engine/Shaders/LPVClear.usf" 307
"/Users/Shared/UnrealEngine/4.10/Engine/Binaries/Mac/../../../Engine/Shaders/LightMapDensityShader.usf" 308
"/Users/Shared/UnrealEngine/4.10/Engine/Binaries/Mac/../../../Engine/Shaders/LightFunctionPixelShader.usf" 309
"/Users/Shared/UnrealEngine/4.10/Engine/Binaries/Mac/../../../Engine/Shaders/LightFunctionVertexShader.usf" 310
"/Users/Shared/UnrealEngine/4.10/Engine/Binaries/Mac/../../../Engine/Shaders/HeightfieldLighting.usf" 311
"/Users/Shared/UnrealEngine/4.10/Engine/Binaries/Mac/../../../Engine/Shaders/DistanceFieldShadowingShared.usf" 312
"/Users/Shared/UnrealEngine/4.10/Engine/Binaries/Mac/../../../Engine/Shaders/HdrCustomResolveShaders.usf" 313
"/Users/Shared/UnrealEngine/4.10/Engine/Binaries/Mac/../../../Engine/Shaders/GlobalDistanceField.usf" 314
"/Users/Shared/UnrealEngine/4.10/Engine/Binaries/Mac/../../../Engine/Shaders/GammaCorrection.usf" 315
"/Users/Shared/UnrealEngine/4.10/Engine/Binaries/Mac/../../../Engine/Shaders/GPUBenchmark.usf" 316
"/Users/Shared/UnrealEngine/4.10/Engine/Binaries/Mac/../../../Engine/Shaders/BasePassForForwardShadingPixelShader.usf" 317
"/Users/Shared/UnrealEngine/4.10/Engine/Binaries/Mac/../../../Engine/Shaders/BasePassForForwardShadingCommon.usf" 318
"/Users/Shared/UnrealEngine/4.10/Engine/Binaries/Mac/../../../Engine/Shaders/LightmapCommon.usf" 319
"/Users/Shared/UnrealEngine/4.10/Engine/Binaries/Mac/../../../Engine/Shaders/BasePassForForwardShadingVertexShader.usf" 320
"/Users/Shared/UnrealEngine/4.10/Engine/Binaries/Mac/../../../Engine/Shaders/HeightFogCommon.usf" 321
"/Users/Shared/UnrealEngine/4.10/Engine/Binaries/Mac/../../../Engine/Shaders/HeightFogPixelShader.usf" 322
"/Users/Shared/UnrealEngine/4.10/Engine/Binaries/Mac/../../../Engine/Shaders/HeightFogVertexShader.usf" 323
"/Users/Shared/UnrealEngine/4.10/Engine/Binaries/Mac/../../../Engine/Shaders/DistortAccumulatePS.usf" 324
"/Users/Shared/UnrealEngine/4.10/Engine/Binaries/Mac/../../../Engine/Shaders/DistortAccumulateVS.usf" 325
"/Users/Shared/UnrealEngine/4.10/Engine/Binaries/Mac/../../../Engine/Shaders/DistortApplyScreenPS.usf" 326
"/Users/Shared/UnrealEngine/4.10/Engine/Binaries/Mac/../../../Engine/Shaders/DistanceFieldSurfaceCacheLighting.usf" 327
"/Users/Shared/UnrealEngine/4.10/Engine/Binaries/Mac/../../../Engine/Shaders/SkyLighting.usf" 328
"/Users/Shared/UnrealEngine/4.10/Engine/Binaries/Mac/../../../Engine/Shaders/DistanceFieldSurfaceCacheLightingCompute.usf" 329
"/Users/Shared/UnrealEngine/4.10/Engine/Binaries/Mac/../../../Engine/Shaders/DistanceFieldShadowing.usf" 330
"/Users/Shared/UnrealEngine/4.10/Engine/Binaries/Mac/../../../Engine/Shaders/DistanceFieldScreenGridLighting.usf" 331
"/Users/Shared/UnrealEngine/4.10/Engine/Binaries/Mac/../../../Engine/Shaders/DistanceFieldLightingPost.usf" 332
"/Users/Shared/UnrealEngine/4.10/Engine/Binaries/Mac/../../../Engine/Shaders/DistanceFieldGlobalIllumination.usf" 333
"/Users/Shared/UnrealEngine/4.10/Engine/Binaries/Mac/../../../Engine/Shaders/DepthOnlyPixelShader.usf" 334
"/Users/Shared/UnrealEngine/4.10/Engine/Binaries/Mac/../../../Engine/Shaders/DepthOnlyVertexShader.usf" 335
"/Users/Shared/UnrealEngine/4.10/Engine/Binaries/Mac/../../../Engine/Shaders/PositionOnlyDepthVertexShader.usf" 336
"/Users/Shared/UnrealEngine/4.10/Engine/Binaries/Mac/../../../Engine/Shaders/DownsampleDepthPixelShader.usf" 337
"/Users/Shared/UnrealEngine/4.10/Engine/Binaries/Mac/../../../Engine/Shaders/EvaluateSurfelMaterial.usf" 338
"/Users/Shared/UnrealEngine/4.10/Engine/Binaries/Mac/../../../Engine/Shaders/ConvertToUniformMesh.usf" 339
"/Users/Shared/UnrealEngine/4.10/Engine/Binaries/Mac/../../../Engine/Shaders/BasePassPixelShader.usf" 340
"/Users/Shared/UnrealEngine/4.10/Engine/Binaries/Mac/../../../Engine/Shaders/BasePassCommon.usf" 341
"/Users/Shared/UnrealEngine/4.10/Engine/Binaries/Mac/../../../Engine/Shaders/ForEachLight.usf" 342
"/Users/Shared/UnrealEngine/4.10/Engine/Binaries/Mac/../../../Engine/Shaders/BasePassVertexShader.usf" 343
"/Users/Shared/UnrealEngine/4.10/Engine/Binaries/Mac/../../../Engine/Shaders/BasePassVertexCommon.usf" 344
"/Users/Shared/UnrealEngine/4.10/Engine/Binaries/Mac/../../../Engine/Shaders/BasePassTessellationShaders.usf" 345
"/Users/Shared/UnrealEngine/4.10/Engine/Binaries/Mac/../../../Engine/Shaders/AtmospherePrecompute.usf" 346
"/Users/Shared/UnrealEngine/4.10/Engine/Binaries/Mac/../../../Engine/Shaders/AtmospherePrecomputeCommon.usf" 347
"/Users/Shared/UnrealEngine/4.10/Engine/Binaries/Mac/../../../Engine/Shaders/AtmospherePrecomputeInscatter.usf" 348
"/Users/Shared/UnrealEngine/4.10/Engine/Binaries/Mac/../../../Engine/Shaders/AtmosphericFogShader.usf" 349
"/Users/Shared/UnrealEngine/4.10/Engine/Binaries/Mac/../../../Engine/Shaders/SimpleElementTexture2DPreviewPixelShader.usf" 350
"/Users/Shared/UnrealEngine/4.10/Engine/Binaries/Mac/../../../Engine/Shaders/SimpleElementNormalMapPixelShader.usf" 351
"/Users/Shared/UnrealEngine/4.10/Engine/Binaries/Mac/../../../Engine/Shaders/meshpaintdilatepixelshader.usf" 352
"/Users/Shared/UnrealEngine/4.10/Engine/Binaries/Mac/../../../Engine/Shaders/meshpaintdilatevertexshader.usf" 353
"/Users/Shared/UnrealEngine/4.10/Engine/Binaries/Mac/../../../Engine/Shaders/MeshPaintPixelShader.usf" 354
"/Users/Shared/UnrealEngine/4.10/Engine/Binaries/Mac/../../../Engine/Shaders/MeshPaintVertexShader.usf" 355
"/Users/Shared/UnrealEngine/4.10/Engine/Binaries/Mac/../../../Engine/Shaders/ResolveVertexShader.usf" 356
"/Users/Shared/UnrealEngine/4.10/Engine/Binaries/Mac/../../../Engine/Shaders/ResolvePixelShader.usf" 357
"/Users/Shared/UnrealEngine/4.10/Engine/Binaries/Mac/../../../Engine/Shaders/OneColorShader.usf" 358
"/Users/Shared/UnrealEngine/4.10/Engine/Binaries/Mac/../../../Engine/Shaders/MediaShaders.usf" 359
"/Users/Shared/UnrealEngine/4.10/Engine/Binaries/Mac/../../../Engine/Shaders/ClearReplacementShaders.usf" 360
"../../../Engine/Config/Android/AndroidEngine.ini" 361
"../../../Engine/Config/IOS/IOSEngine.ini" 362
"../../../../../../Harshsingh/Documents/Git/Crappy_Bird/Config/IOS/IOSEngine.ini" 363
"/Users/Harshsingh/Library/Application Support/Epic/UnrealEngine/4.10/DerivedDataCache/Boot.ddc" 364
"../../../../../../Harshsingh/Documents/Git/Crappy_Bird/DerivedDataCache/Compressed.ddp" 365
"../../../Engine/DerivedDataCache/Compressed.ddp" 366
"../../../Engine/Content/EditorResources/S_Actor.uasset" 367
"/Users/Harshsingh/Library/Preferences/Unreal Engine/CrappyBirdEditor/Mac/GameplayTags.ini" 368
"../../../../../../Harshsingh/Documents/Git/Crappy_Bird/Intermediate/Config/CoalescedSourceConfigs/GameplayTags.ini" 369
"/Users/Harshsingh/Library/Preferences/Unreal Engine/CrappyBirdEditor/Mac/TemplateDefs.ini" 370
"../../../../../../Harshsingh/Documents/Git/Crappy_Bird/Intermediate/Config/CoalescedSourceConfigs/TemplateDefs.ini" 371
"../../../Engine/Content/Maps/Templates/Thumbnails/Default.uasset" 372
"../../../Engine/Content/EditorMaterials/ParticleSystems/PSysThumbnail_NoImage.uasset" 373
"../../../Engine/Content/EditorMaterials/ParticleSystems/PSysThumbnail_OOD.uasset" 374
"../../../Engine/Content/EditorLandscapeResources/DataLayer.uasset" 375
"../../../Engine/Content/EngineFonts/Roboto.uasset" 376
"../../../Engine/Content/EngineMaterials/Widget3DPassThrough_Translucent.uasset" 377
"../../../Engine/Content/EngineMaterials/Widget3DPassThrough.uasset" 378
"../../../Engine/Content/Functions/Engine_MaterialFunctions02/Texturing/ScreenAlignedUVs.uasset" 379
"../../../Engine/Content/EngineResources/WhiteSquareTexture.uasset" 380
"../../../Engine/Content/Functions/Engine_MaterialFunctions01/Shading/PowerToRoughness.uasset" 381
"../../../Engine/Content/Functions/Engine_MaterialFunctions01/Shading/ConvertFromDiffSpec.uasset" 382
"../../../Engine/Content/EngineMaterials/WorldGridMaterial.uasset" 383
"../../../Engine/Content/Functions/Engine_MaterialFunctions01/Opacity/CameraDepthFade.uasset" 384
"../../../Engine/Content/EngineMaterials/T_Default_Material_Grid_M.uasset" 385
"../../../Engine/Content/EngineMaterials/T_Default_Material_Grid_N.uasset" 386
"../../../Engine/Content/EngineMaterials/DefaultDeferredDecalMaterial.uasset" 387
"../../../Engine/Content/EngineMaterials/DefaultDiffuse.uasset" 388
"../../../Engine/Content/EngineMaterials/DefaultLightFunctionMaterial.uasset" 389
"../../../Engine/Content/EngineMaterials/DefaultPostProcessMaterial.uasset" 390
"../../../Engine/Content/Functions/Engine_MaterialFunctions02/Utility/BreakOutFloat2Components.uasset" 391
"../../../Engine/Content/EngineResources/DefaultTexture.uasset" 392
"../../../Engine/Content/EngineMaterials/Widget3DPassThrough_Translucent_OneSided.uasset" 393
"../../../Engine/Content/EngineMaterials/Widget3DPassThrough_Opaque.uasset" 394
"../../../Engine/Content/EngineMaterials/Widget3DPassThrough_Opaque_OneSided.uasset" 395
"../../../Engine/Content/EngineMaterials/Widget3DPassThrough_Masked.uasset" 396
"../../../Engine/Content/EngineMaterials/Widget3DPassThrough_Masked_OneSided.uasset" 397
"../../../Engine/Content/EngineDamageTypes/DmgTypeBP_Environmental.uasset" 398
"../../../Engine/Content/Internationalization/icudt53l/numberingSystems.res" 399
"../../../Engine/Content/Internationalization/icudt53l/curr/supplementalData.res" 400
"../../../Engine/Content/Internationalization/icudt53l/curr/pool.res" 401
"../../../Engine/Content/Internationalization/icudt53l/curr/en_IN.res" 402
"../../../Engine/Content/Internationalization/icudt53l/curr/en_GB.res" 403
"../../../Engine/Content/Internationalization/icudt53l/curr/en_001.res" 404
"../../../Engine/Content/Internationalization/icudt53l/curr/en.res" 405
"../../../Engine/Content/Internationalization/icudt53l/curr/root.res" 406
"../../../Engine/Content/EngineMeshes/Sphere.uasset" 407
"../../../Engine/Content/EngineFonts/RobotoDistanceField.uasset" 408
"../../../Engine/Content/EngineMaterials/DefaultTextMaterialOpaque.uasset" 409
"../../../Engine/Content/EditorResources/S_Trigger.uasset" 410
"../../../Engine/Content/EngineResources/GradientTexture0.uasset" 411
"../../../Engine/Content/EngineResources/Black.uasset" 412
"../../../Engine/Content/EditorMaterials/MatineeGroups/MAT_Groups_Float.uasset" 413
"../../../Engine/Content/EditorMaterials/MatineeGroups/MAT_Groups_Director.uasset" 414
"../../../Engine/Content/EditorMaterials/MatineeGroups/MAT_Groups_Event.uasset" 415
"../../../Engine/Content/EditorMaterials/MatineeGroups/MAT_Groups_Anim.uasset" 416
"../../../Engine/Content/EditorMaterials/MatineeGroups/MAT_Groups_Fade.uasset" 417
"../../../Engine/Content/EditorMaterials/MatineeGroups/MAT_Groups_Move.uasset" 418
"../../../Engine/Content/EditorMaterials/MatineeGroups/MAT_Groups_Slomo.uasset" 419
"../../../Engine/Content/EditorMaterials/MatineeGroups/MAT_ColorTrack.uasset" 420
"../../../Engine/Content/EditorMaterials/MAT_Groups_Toggle.uasset" 421
"../../../Engine/Content/EditorMaterials/MatineeGroups/MAT_Groups_AudioMaster.uasset" 422
"../../../Engine/Content/EditorMaterials/MatineeGroups/MAT_Groups_Sound.uasset" 423
"../../../Engine/Content/EditorMaterials/MatineeGroups/MAT_Groups_Vector.uasset" 424
"../../../Engine/Content/EditorMaterials/MAT_Groups_Visibility.uasset" 425
"../../../Engine/Content/EngineResources/DefaultTextureCube.uasset" 426
"../../../Engine/Content/EngineSounds/Master.uasset" 427
"../../../Engine/Content/EngineSounds/Music.uasset" 428
"../../../Engine/Content/EngineSounds/SFX.uasset" 429
"../../../Engine/Content/EngineSounds/Normal_Attack.uasset" 430
"../../../Engine/Content/EngineSounds/Special_Attack_PSM.uasset" 431
"../../../Engine/Content/EngineSounds/Duck_Normal_Attack_MixMod.uasset" 432
"../../../Engine/Content/EngineSounds/Voice.uasset" 433
"../../../Engine/Content/EngineMeshes/Cylinder.uasset" 434
"../../../Engine/Content/EngineMaterials/DefaultMaterial.uasset" 435
"../../../Engine/Content/EngineTireTypes/DefaultTireType.uasset" 436
"/Users/Harshsingh/Library/Preferences/Unreal Engine/CrappyBirdEditor/Mac/InternationalizationExport.ini" 437
"../../../../../../Harshsingh/Documents/Git/Crappy_Bird/Intermediate/Config/CoalescedSourceConfigs/InternationalizationExport.ini" 438
"/Users/Harshsingh/Library/Preferences/Unreal Engine/CrappyBirdEditor/Mac/TranslationPickerSettings.ini" 439
"../../../../../../Harshsingh/Documents/Git/Crappy_Bird/Intermediate/Config/CoalescedSourceConfigs/TranslationPickerSettings.ini" 440
"../../../Engine/Content/Editor/Slate/Fonts/FontAwesome.ttf" 441
"../../../Engine/Content/Editor/Slate/Fonts/DroidSansMono.ttf" 442
"../../../Engine/Content/Editor/Slate/Fonts/Roboto-BoldCondensed.ttf" 443
"../../../Engine/Content/Editor/Slate/Fonts/Roboto-Black.ttf" 444
"../../../Engine/Content/Editor/Slate/Fonts/Roboto-Italic.ttf" 445
"../../../Engine/Content/Editor/Slate/Fonts/Roboto-BoldCondensedItalic.ttf" 446
"../../../Engine/Content/Internationalization/icudt53l/coll/ucadata.icu" 447
"../../../Engine/Content/Internationalization/icudt53l/nfc.nrm" 448
"../../../Engine/Content/Internationalization/icudt53l/coll/en.res" 449
"../../../Engine/Content/Internationalization/icudt53l/coll/root.res" 450
"../../../Engine/Content/EngineResources/AICON-Red.uasset" 451
"../../../Engine/Content/EngineResources/AICON-Green.uasset" 452
"../../../Engine/Content/Tutorial/Basics/LevelEditorOverview.uasset" 453
"../../../Engine/Content/Tutorial/Basics/TutorialAssets/icon_tab_Levels_40x.uasset" 454
"../../../Engine/Content/Tutorial/Basics/LevelEditorAttract.uasset" 455
"../../../Engine/Content/Tutorial/SubEditors/ParticleSystemEditorTutorial.uasset" 456
"../../../Engine/Content/Tutorial/BlueprintTutorials/BlueprintEditorTutorial.uasset" 457
"../../../Engine/Content/Tutorial/BlueprintTutorials/TutorialAssets/Blueprint_64x.uasset" 458
"../../../Engine/Content/Tutorial/SubEditors/StaticMeshEditorTutorial.uasset" 459
"../../../Engine/Content/Tutorial/BlueprintTutorials/BlueprintInterfacesEditorOverview.uasset" 460
"../../../Engine/Content/Tutorial/BlueprintTutorials/TutorialAssets/BlueprintInterface_64x.uasset" 461
"../../../Engine/Content/Tutorial/ContentIntroCurve.uasset" 462
"../../../Engine/Plugins/2D/Paper2D/Content/MaskedUnlitSpriteMaterial.uasset" 463
"../../../Engine/Plugins/2D/Paper2D/Content/DefaultSpriteMaterial.uasset" 464
"../../../Engine/Plugins/2D/Paper2D/Content/PlaceholderTextures/DummySpriteTexture.uasset" 465
"../../../Engine/Plugins/2D/Paper2D/Content/OpaqueUnlitSpriteMaterial.uasset" 466
"../../../Engine/Plugins/2D/Paper2D/Content/DefaultPaperTerrainMaterial.uasset" 467
"../../../Engine/Plugins/2D/Paper2D/Content/DummySprite.uasset" 468
"../../../Engine/Plugins/2D/Paper2D/Content/DummySpriteTexture.uasset" 469
"/Users/Harshsingh/Library/Application Support/Epic/UnrealEngine/4.10/Saved/Config/Mac/SourceControlSettings.ini" 470
"../../../../../../Harshsingh/Documents/Git/Crappy_Bird/Intermediate/Config/CoalescedSourceConfigs/SourceControlSettings.ini" 471
"/Users/Harshsingh/Library/Preferences/Unreal Engine/CrappyBirdEditor/Mac/SourceControlSettings.ini" 472
"../../../Engine/Content/EngineMaterials/RemoveSurfaceMaterial.uasset" 473
"../../../Engine/Content/EngineDebugMaterials/DebugMeshMaterial.uasset" 474
"../../../Engine/Content/EngineMaterials/M_InvalidLightmapSettings.uasset" 475
"../../../Engine/Content/EngineMaterials/InvalidLightmapSettings.uasset" 476
"../../../Engine/Content/EditorMaterials/GizmoMaterial.uasset" 477
"../../../Engine/Content/EngineMaterials/Good64x64TilingNoiseHighFreq.uasset" 478
"../../../Engine/Content/EngineMaterials/DefaultBokeh.uasset" 479
"../../../Engine/Content/EngineMaterials/PreintegratedSkinBRDF.uasset" 480
"../../../Engine/Content/EngineMaterials/MiniFont.uasset" 481
"../../../Engine/Content/EngineMaterials/WeightMapPlaceholderTexture.uasset" 482
"../../../Engine/Content/EngineMaterials/DefaultWhiteGrid.uasset" 483
"../../../Engine/Content/EngineMaterials/DefaultPhysicalMaterial.uasset" 484
"../../../Engine/Content/EngineFonts/RobotoTiny.uasset" 485
"../../../../../../Harshsingh/Documents/Git/Crappy_Bird/Intermediate/CachedAssetRegistry.bin" 486
"../../../../../../Harshsingh/Documents/Git/Crappy_Bird/Content/Blueprints/BP_MainGame.uasset" 487
"../../../../../../Harshsingh/Documents/Git/Crappy_Bird/Content/Maps/TappyChickenMap.umap" 488
"../../../../../../Harshsingh/Documents/Git/Crappy_Bird/Saved/Autosaves/Game/Blueprints/BP_MainGame_Auto1.uasset" 489
"../../../../../../Harshsingh/Documents/Git/Crappy_Bird/Saved/Autosaves/Game/Blueprints/BP_MainGame_Auto2.uasset" 490
"../../../../../../Harshsingh/Documents/Git/Crappy_Bird/Saved/Autosaves/Game/Blueprints/BP_MainGame_Auto3.uasset" 491
"../../../../../../Harshsingh/Documents/Git/Crappy_Bird/Saved/Autosaves/Game/Blueprints/BP_MainGame_Auto4.uasset" 492
"../../../../../../Harshsingh/Documents/Git/Crappy_Bird/Saved/Autosaves/Game/Maps/TappyChickenMap_Auto3.umap" 493
"../../../../../../Harshsingh/Documents/Git/Crappy_Bird/Saved/Autosaves/Game/Maps/TappyChickenMap_Auto4.umap" 494
"../../../../../../Harshsingh/Documents/Git/Crappy_Bird/Saved/Autosaves/Game/Maps/UEDPCTappyChickenMap.umap" 495
"../../../Engine/Config/HTML5/HTML5Engine.ini" 496
"../../../../../../Harshsingh/Documents/Git/Crappy_Bird/Config/HTML5/HTML5Engine.ini" 497
"../../../../../../Harshsingh/Documents/Git/Crappy_Bird/Content/Blueprints/BP_TappyChickenSaveGame.uasset" 498
"../../../Engine/Content/EditorBlueprintResources/StandardMacros.uasset" 499
"../../../../../../Harshsingh/Documents/Git/Crappy_Bird/Content/Fonts/F_TappyChickenNumbers_10.uasset" 500
"../../../../../../Harshsingh/Documents/Git/Crappy_Bird/Content/Fonts/M_TappyChickenNumbers_10.uasset" 501
"../../../../../../Harshsingh/Documents/Git/Crappy_Bird/Content/Materials/MPC_TappyChicken_01.uasset" 502
"../../../../../../Harshsingh/Documents/Git/Crappy_Bird/Content/Audio/SFX_Chicken_01_Cue.uasset" 503
"../../../../../../Harshsingh/Documents/Git/Crappy_Bird/Content/Audio/SFX_Chicken_01.uasset" 504
"../../../../../../Harshsingh/Documents/Git/Crappy_Bird/Content/Audio/SFX_Click_01_Cue.uasset" 505
"../../../../../../Harshsingh/Documents/Git/Crappy_Bird/Content/Audio/SFX_Click_01.uasset" 506
"../../../../../../Harshsingh/Documents/Git/Crappy_Bird/Content/Audio/SFX_FlapWing_Cue.uasset" 507
"../../../../../../Harshsingh/Documents/Git/Crappy_Bird/Content/Audio/SFX_FlapWing_01.uasset" 508
"../../../../../../Harshsingh/Documents/Git/Crappy_Bird/Content/Audio/SFX_FlapWing_02.uasset" 509
"../../../../../../Harshsingh/Documents/Git/Crappy_Bird/Content/Audio/SFX_FlapWing_03.uasset" 510
"../../../../../../Harshsingh/Documents/Git/Crappy_Bird/Content/Audio/SFX_FlapWing_04.uasset" 511
"../../../../../../Harshsingh/Documents/Git/Crappy_Bird/Content/Audio/SFX_HitGround_01_Cue.uasset" 512
"../../../../../../Harshsingh/Documents/Git/Crappy_Bird/Content/Audio/SFX_HitGround_01.uasset" 513
"../../../../../../Harshsingh/Documents/Git/Crappy_Bird/Content/Audio/SFX_HitObstacle_01_Cue.uasset" 514
"../../../../../../Harshsingh/Documents/Git/Crappy_Bird/Content/Audio/SFX_HitObstacle_01.uasset" 515
"../../../../../../Harshsingh/Documents/Git/Crappy_Bird/Content/Audio/SFX_LastCluck_Cue.uasset" 516
"../../../../../../Harshsingh/Documents/Git/Crappy_Bird/Content/Audio/SFX_LastCluck_01.uasset" 517
"../../../../../../Harshsingh/Documents/Git/Crappy_Bird/Content/Audio/SFX_LastCluck_02.uasset" 518
"../../../../../../Harshsingh/Documents/Git/Crappy_Bird/Content/Audio/SFX_LastCluck_03.uasset" 519
"../../../../../../Harshsingh/Documents/Git/Crappy_Bird/Content/Audio/SFX_LastCluck_04.uasset" 520
"../../../../../../Harshsingh/Documents/Git/Crappy_Bird/Content/Audio/SFX_Score_01_Cue.uasset" 521
"../../../../../../Harshsingh/Documents/Git/Crappy_Bird/Content/Audio/SFX_Score_01.uasset" 522
"../../../../../../Harshsingh/Documents/Git/Crappy_Bird/Content/Blueprints/Enum_GameMode.uasset" 523
"../../../../../../Harshsingh/Documents/Git/Crappy_Bird/Content/Blueprints/Enum_Platform.uasset" 524
"../../../../../../Harshsingh/Documents/Git/Crappy_Bird/Content/Effects/FX_Feathers_01.uasset" 525
"../../../../../../Harshsingh/Documents/Git/Crappy_Bird/Content/Effects/M_Feathers_01.uasset" 526
"../../../../../../Harshsingh/Documents/Git/Crappy_Bird/Content/Effects/T_Feathers_01.uasset" 527
"../../../../../../Harshsingh/Documents/Git/Crappy_Bird/Content/Effects/FX_FeathersHit_01.uasset" 528
"../../../../../../Harshsingh/Documents/Git/Crappy_Bird/Content/Import/Flipbook/Sign_Post_Noise.uasset" 529
"../../../../../../Harshsingh/Documents/Git/Crappy_Bird/Content/Import/Meshes/BG/SM_Buildings_01.uasset" 530
"../../../../../../Harshsingh/Documents/Git/Crappy_Bird/Content/Import/Materials/BG/Skyline_1.uasset" 531
"../../../../../../Harshsingh/Documents/Git/Crappy_Bird/Content/Import/Textures/Skyline_UV.uasset" 532
"../../../../../../Harshsingh/Documents/Git/Crappy_Bird/Content/Import/Meshes/BG/SM_Buildings_02.uasset" 533
"../../../../../../Harshsingh/Documents/Git/Crappy_Bird/Content/Import/Meshes/Signpost.uasset" 534
"../../../../../../Harshsingh/Documents/Git/Crappy_Bird/Content/Import/Materials/Obstacles/Signport.uasset" 535
"../../../../../../Harshsingh/Documents/Git/Crappy_Bird/Content/Import/Textures/Street_Signpost.uasset" 536
"../../../../../../Harshsingh/Documents/Git/Crappy_Bird/Content/Import/Meshes/Signpost_Collide.uasset" 537
"../../../../../../Harshsingh/Documents/Git/Crappy_Bird/Content/Import/Materials/Obstacles/Signport_Collide.uasset" 538
"../../../Engine/Content/Functions/Engine_MaterialFunctions02/Texturing/FlipBook.uasset" 539
"../../../Engine/Content/Functions/Engine_MaterialFunctions02/Utility/Round.uasset" 540
"../../../Engine/Content/Functions/Engine_MaterialFunctions02/Utility/Sign.uasset" 541
"../../../Engine/Content/Functions/Engine_MaterialFunctions02/ExampleContent/Textures/flipbook.uasset" 542
"../../../../../../Harshsingh/Documents/Git/Crappy_Bird/Content/Import/Sprite/Noise/Sign_Post/Sign_Post_Spritesheet.uasset" 543
"../../../../../../Harshsingh/Documents/Git/Crappy_Bird/Content/Import/Meshes/SM_Streetlamp.uasset" 544
"../../../../../../Harshsingh/Documents/Git/Crappy_Bird/Content/Import/Materials/Obstacles/Streetlight.uasset" 545
"../../../../../../Harshsingh/Documents/Git/Crappy_Bird/Content/Materials/Street_Lamp.uasset" 546
"../../../../../../Harshsingh/Documents/Git/Crappy_Bird/Content/Import/Meshes/SM_Streetlamp_Collide.uasset" 547
"../../../../../../Harshsingh/Documents/Git/Crappy_Bird/Content/Import/Materials/Obstacles/Streetlight_Collide.uasset" 548
"../../../../../../Harshsingh/Documents/Git/Crappy_Bird/Content/Import/Sprite/Noise/Lamp_Post/Street_Lamp_Noise_Spritesheet.uasset" 549
"../../../../../../Harshsingh/Documents/Git/Crappy_Bird/Content/Materials/Street_Lamp_Collide.uasset" 550
"../../../../../../Harshsingh/Documents/Git/Crappy_Bird/Content/Import/Meshes/Stop_Post.uasset" 551
"../../../../../../Harshsingh/Documents/Git/Crappy_Bird/Content/Import/Materials/Obstacles/Stop_Post2.uasset" 552
"../../../../../../Harshsingh/Documents/Git/Crappy_Bird/Content/Import/Textures/Stop_Sign.uasset" 553
"../../../../../../Harshsingh/Documents/Git/Crappy_Bird/Content/Import/Meshes/Stop_Post_Collide.uasset" 554
"../../../../../../Harshsingh/Documents/Git/Crappy_Bird/Content/Import/Materials/Obstacles/Stop_Post_Collide2.uasset" 555
"../../../../../../Harshsingh/Documents/Git/Crappy_Bird/Content/Import/Flipbook/Flipbook_sprites/Noise/Stop_Sign/Stop_Post_Noise_Spritesheet.uasset" 556
"../../../../../../Harshsingh/Documents/Git/Crappy_Bird/Content/Import/Meshes/Telephone_Post.uasset" 557
"../../../../../../Harshsingh/Documents/Git/Crappy_Bird/Content/Import/Materials/Obstacles/Telephone_Post2.uasset" 558
"../../../../../../Harshsingh/Documents/Git/Crappy_Bird/Content/Import/Textures/Telephone_Line.uasset" 559
"../../../../../../Harshsingh/Documents/Git/Crappy_Bird/Content/Import/Meshes/Telephone_Post_Collide.uasset" 560
"../../../../../../Harshsingh/Documents/Git/Crappy_Bird/Content/Import/Materials/Obstacles/Telephone_Post_Collide2.uasset" 561
"../../../../../../Harshsingh/Documents/Git/Crappy_Bird/Content/Import/Sprite/Noise/Telephone_Pole/Telephone_Line_Noise_Spritesheet.uasset" 562
"../../../../../../Harshsingh/Documents/Git/Crappy_Bird/Content/Import/Meshes/UI/SM_Crap_Button.uasset" 563
"../../../../../../Harshsingh/Documents/Git/Crappy_Bird/Content/Import/Materials/UI/Crap_Button.uasset" 564
"../../../../../../Harshsingh/Documents/Git/Crappy_Bird/Content/Import/Textures/UI/Main_UI_Texture.uasset" 565
"../../../../../../Harshsingh/Documents/Git/Crappy_Bird/Content/Import/Meshes/UI/SM_Flap_Button.uasset" 566
"../../../../../../Harshsingh/Documents/Git/Crappy_Bird/Content/Import/Materials/UI/Flap_Button.uasset" 567
"../../../../../../Harshsingh/Documents/Git/Crappy_Bird/Content/Import/Meshes/UI/SM_Game_Over_Sign.uasset" 568
"../../../../../../Harshsingh/Documents/Git/Crappy_Bird/Content/Import/Materials/UI/Game_Over.uasset" 569
"../../../../../../Harshsingh/Documents/Git/Crappy_Bird/Content/Import/Meshes/UI/SM_Go__Sign.uasset" 570
"../../../../../../Harshsingh/Documents/Git/Crappy_Bird/Content/Import/Materials/UI/Go_.uasset" 571
"../../../../../../Harshsingh/Documents/Git/Crappy_Bird/Content/Import/Meshes/UI/SM_Play_Button.uasset" 572
"../../../../../../Harshsingh/Documents/Git/Crappy_Bird/Content/Import/Materials/UI/Play_Button.uasset" 573
"../../../../../../Harshsingh/Documents/Git/Crappy_Bird/Content/Import/Meshes/UI/SM_Score_Tab.uasset" 574
"../../../../../../Harshsingh/Documents/Git/Crappy_Bird/Content/Import/Materials/UI/Score_Tab.uasset" 575
"../../../../../../Harshsingh/Documents/Git/Crappy_Bird/Content/Import/Meshes/UI/SM_Tap_Sign.uasset" 576
"../../../../../../Harshsingh/Documents/Git/Crappy_Bird/Content/Import/Materials/UI/Tap.uasset" 577
"../../../../../../Harshsingh/Documents/Git/Crappy_Bird/Content/Import/Meshes/UI/SM_Title_Sign.uasset" 578
"../../../../../../Harshsingh/Documents/Git/Crappy_Bird/Content/Import/Materials/UI/Title_Sign.uasset" 579
"../../../../../../Harshsingh/Documents/Git/Crappy_Bird/Content/Import/Sprite/Shhiiitttteeeee/Shiitttteeee___Sprite.uasset" 580
"../../../Engine/Plugins/2D/Paper2D/Content/TranslucentUnlitSpriteMaterial.uasset" 581
"../../../../../../Harshsingh/Documents/Git/Crappy_Bird/Content/Import/Textures/Shittteeeee/Shiitttteeee__.uasset" 582
"../../../../../../Harshsingh/Documents/Git/Crappy_Bird/Content/Meshes/SM_BG_Clouds_01.uasset" 583
"../../../../../../Harshsingh/Documents/Git/Crappy_Bird/Content/Materials/M_PanningBG_Alpha.uasset" 584
"../../../../../../Harshsingh/Documents/Git/Crappy_Bird/Content/Materials/T_TappyChicken_BG_02.uasset" 585
"../../../../../../Harshsingh/Documents/Git/Crappy_Bird/Content/Meshes/SM_BG_Clouds_02.uasset" 586
"../../../../../../Harshsingh/Documents/Git/Crappy_Bird/Content/Meshes/SM_BG_Fence_01.uasset" 587
"../../../../../../Harshsingh/Documents/Git/Crappy_Bird/Content/Meshes/SM_BG_Ground_01.uasset" 588
"../../../../../../Harshsingh/Documents/Git/Crappy_Bird/Content/Materials/M_PanningBG_Opaque.uasset" 589
"../../../../../../Harshsingh/Documents/Git/Crappy_Bird/Content/Meshes/SM_BG_Plants_01.uasset" 590
"../../../../../../Harshsingh/Documents/Git/Crappy_Bird/Content/Meshes/SM_BG_Sky_01.uasset" 591
"../../../../../../Harshsingh/Documents/Git/Crappy_Bird/Content/Materials/M_BG_Sky.uasset" 592
"../../../../../../Harshsingh/Documents/Git/Crappy_Bird/Content/Meshes/SM_Btn_Achievements.uasset" 593
"../../../../../../Harshsingh/Documents/Git/Crappy_Bird/Content/Materials/M_TappyChicken_UI_01_Alpha.uasset" 594
"../../../../../../Harshsingh/Documents/Git/Crappy_Bird/Content/Materials/T_TappyChicken_UI_01.uasset" 595
"../../../../../../Harshsingh/Documents/Git/Crappy_Bird/Content/Meshes/SM_Btn_LeaderBoard.uasset" 596
"../../../../../../Harshsingh/Documents/Git/Crappy_Bird/Content/Meshes/SM_Btn_Rate.uasset" 597
"../../../../../../Harshsingh/Documents/Git/Crappy_Bird/Content/Meshes/SM_New.uasset" 598
"../../../../../../Harshsingh/Documents/Git/Crappy_Bird/Content/Meshes/SM_Player_01.uasset" 599
"../../../../../../Harshsingh/Documents/Git/Crappy_Bird/Content/Materials/M_TappyChicken_01.uasset" 600
"../../../../../../Harshsingh/Documents/Git/Crappy_Bird/Content/Import/Textures/Crappy_Bird_4X.uasset" 601
"../../../../../../Harshsingh/Documents/Git/Crappy_Bird/Content/SetupFiles/BP_SimpleGame_GameInfo.uasset" 602
"../../../../../../Harshsingh/Documents/Git/Crappy_Bird/Content/SetupFiles/BP_SimpleGame_HUD.uasset" 603
"../../../../../../Harshsingh/Documents/Git/Crappy_Bird/Content/SetupFiles/BP_SimpleGame_Pawn.uasset" 604
"../../../../../../Harshsingh/Documents/Git/Crappy_Bird/Content/SetupFiles/BP_SimpleGame_PlayerController.uasset" 605
"../../../Engine/Content/EditorResources/MatineeCam_D.uasset" 606
"/Users/Harshsingh/Library/Application Support/Epic/UnrealEngine/Common/DerivedDataCache/8/0/4/MATSM_984AFA3849534FAA8491540B994BD32E_GLSL_ES2_3857__BC5N_DEV_SL_NODBUF96E447__95CCC3CBA27132EAC73DA8DD328F58E5A42DF174.udd" 607
"/Users/Harshsingh/Library/Application Support/Epic/UnrealEngine/Common/DerivedDataCache/3/2/9/MATSM_984AFA3849534FAA8491540B994BD32E_GLSL_ES2_3857__BC5N_DEV_SL_NODBUF16E5EC__90B860D7EEFC8AC2C3BB5F04F89EC2A499DA75FE.udd" 608
"/Users/Harshsingh/Library/Application Support/Epic/UnrealEngine/Common/DerivedDataCache/7/8/6/STATICMESH_46A8778361B442A9523C54440EA1E9D_8C68575CEF434CA8A9E1DA4AED8A47BB_3F__900C770C692BB2D5281AB3E076B686CC0B31AFF9.udd" 609
"/Users/Harshsingh/Library/Application Support/Epic/UnrealEngine/Common/DerivedDataCache/4/5/0/PHYSX_1D9C17C451EA4FB88CB7A27536A65DB0_PHYSXPC_0542D16B4141F4C6781B4FA523D50CC__731797D66991C6B30D5CCB2C52C8C92113A37331.udd" 610
"/Users/Harshsingh/Library/Application Support/Epic/UnrealEngine/Common/DerivedDataCache/8/8/0/NAVCOLLISION_B89838347A4348138EE337A847529C5C_NAVCOLLISION_X_0542D16B4141F4C67__579249D74CF1DD84131FB1B7AA0B0F584FC1E8C9.udd" 611
"/Users/Harshsingh/Library/Application Support/Epic/UnrealEngine/Common/DerivedDataCache/7/5/7/MATSM_984AFA3849534FAA8491540B994BD32E_GLSL_ES2_3857__BC5N_DEV_SL_NODBUF6EC435__56809D42054CD5E713D45A7481F8099755670CB8.udd" 612
"/Users/Harshsingh/Library/Application Support/Epic/UnrealEngine/Common/DerivedDataCache/1/9/1/STATICMESH_46A8778361B442A9523C54440EA1E9D_8C68575CEF434CA8A9E1DA4AED8A47BB_52__A291A67E963EDAC0AE7061D57D7B02BE757CDE37.udd" 613
"/Users/Harshsingh/Library/Application Support/Epic/UnrealEngine/Common/DerivedDataCache/4/6/2/PHYSX_1D9C17C451EA4FB88CB7A27536A65DB0_PHYSXPC_D9A65BB04D086DBC5C99CEB60A2D8A6__0C7F0120B9364CC364D85413A10F98A5ACF8B748.udd" 614
"/Users/Harshsingh/Library/Application Support/Epic/UnrealEngine/Common/DerivedDataCache/1/7/0/NAVCOLLISION_B89838347A4348138EE337A847529C5C_NAVCOLLISION_X_D9A65BB04D086DBC5__3C3049A0604D55254CB425CBE9680E7FF1E131BB.udd" 615
"/Users/Harshsingh/Library/Application Support/Epic/UnrealEngine/Common/DerivedDataCache/1/7/3/STATICMESH_46A8778361B442A9523C54440EA1E9D_8C68575CEF434CA8A9E1DA4AED8A47BB_64__A9C5FD28D2904ED74319C982B33A3148C247266C.udd" 616
"/Users/Harshsingh/Library/Application Support/Epic/UnrealEngine/Common/DerivedDataCache/3/6/7/PHYSX_1D9C17C451EA4FB88CB7A27536A65DB0_PHYSXPC_A31329F3435CE9CF39A0FDB78BF8012__DBD8936BEAF195DC89D5A440DCB1163F8CB59008.udd" 617
"/Users/Harshsingh/Library/Application Support/Epic/UnrealEngine/Common/DerivedDataCache/8/0/3/NAVCOLLISION_B89838347A4348138EE337A847529C5C_NAVCOLLISION_X_A31329F3435CE9CF3__006F315BA2F180A63268D11F16C7BF0F22A45060.udd" 618
"/Users/Harshsingh/Library/Application Support/Epic/UnrealEngine/Common/DerivedDataCache/7/9/1/MATSM_984AFA3849534FAA8491540B994BD32E_GLSL_ES2_3857__BC5N_DEV_SL_NODBUF0760A4__D70CFD3AED508B799721C074120E4EFECBACF975.udd" 619
"/Users/Harshsingh/Library/Application Support/Epic/UnrealEngine/Common/DerivedDataCache/4/2/7/STATICMESH_46A8778361B442A9523C54440EA1E9D_8C68575CEF434CA8A9E1DA4AED8A47BB_A9__38AF746F21CB69CD3002489B586ABDF90065C658.udd" 620
"/Users/Harshsingh/Library/Application Support/Epic/UnrealEngine/Common/DerivedDataCache/1/1/3/PHYSX_1D9C17C451EA4FB88CB7A27536A65DB0_PHYSXPC_416BD09943B394995048AF991F4309B__19F67823D2B04CF462A008525DD7EC70DC618374.udd" 621
"/Users/Harshsingh/Library/Application Support/Epic/UnrealEngine/Common/DerivedDataCache/1/5/9/NAVCOLLISION_B89838347A4348138EE337A847529C5C_NAVCOLLISION_X_416BD09943B394995__0FF8B14A1D2F63FBAD98CDCA3314AD2787B5FEA9.udd" 622
"/Users/Harshsingh/Library/Application Support/Epic/UnrealEngine/Common/DerivedDataCache/1/1/1/STATICMESH_46A8778361B442A9523C54440EA1E9D_8C68575CEF434CA8A9E1DA4AED8A47BB_E2__0E05B77B72607ABB7DF95E7CAC6088C59989F57C.udd" 623
"/Users/Harshsingh/Library/Application Support/Epic/UnrealEngine/Common/DerivedDataCache/3/5/4/PHYSX_1D9C17C451EA4FB88CB7A27536A65DB0_PHYSXPC_749CEC7E4186632F76C898A5E485C6C__CBAB3E45DB526ECE04669ABB95EC50918CA4D64A.udd" 624
"/Users/Harshsingh/Library/Application Support/Epic/UnrealEngine/Common/DerivedDataCache/5/3/2/NAVCOLLISION_B89838347A4348138EE337A847529C5C_NAVCOLLISION_X_749CEC7E4186632F7__66B3D41F578A85687AE6E65AB069756EA9CE0169.udd" 625
"/Users/Harshsingh/Library/Application Support/Epic/UnrealEngine/Common/DerivedDataCache/5/8/5/MATSM_984AFA3849534FAA8491540B994BD32E_GLSL_ES2_3857__BC5N_DEV_SL_NODBUFC180CC__9B0A23A337F43A81BF523D610902BAF40711E2AB.udd" 626
"/Users/Harshsingh/Library/Application Support/Epic/UnrealEngine/Common/DerivedDataCache/0/5/9/STATICMESH_46A8778361B442A9523C54440EA1E9D_8C68575CEF434CA8A9E1DA4AED8A47BB_D7__E34944296A44197ED4600A42F1E85F84E90BF2DC.udd" 627
"/Users/Harshsingh/Library/Application Support/Epic/UnrealEngine/Common/DerivedDataCache/7/6/3/PHYSX_1D9C17C451EA4FB88CB7A27536A65DB0_PHYSXPC_E8669D1545F93892BC2C1A8EA9F01EE__A09C58C7254365584B8C9D9D4E0E6B73294CD684.udd" 628
"/Users/Harshsingh/Library/Application Support/Epic/UnrealEngine/Common/DerivedDataCache/1/1/0/NAVCOLLISION_B89838347A4348138EE337A847529C5C_NAVCOLLISION_X_E8669D1545F93892B__75DBE0B0132032E69D6EF33C144E52701EB49346.udd" 629
"/Users/Harshsingh/Library/Application Support/Epic/UnrealEngine/Common/DerivedDataCache/7/6/9/MATSM_984AFA3849534FAA8491540B994BD32E_GLSL_ES2_3857__BC5N_DEV_SL_NODBUF75E944__83269473EC088A06064EA45135AF8BD379A04140.udd" 630
"/Users/Harshsingh/Library/Application Support/Epic/UnrealEngine/Common/DerivedDataCache/9/0/3/STATICMESH_46A8778361B442A9523C54440EA1E9D_8C68575CEF434CA8A9E1DA4AED8A47BB_C5__59C7AA21E7C8C4EBD261A34DC3D43BA20B661FC7.udd" 631
"/Users/Harshsingh/Library/Application Support/Epic/UnrealEngine/Common/DerivedDataCache/4/3/9/PHYSX_1D9C17C451EA4FB88CB7A27536A65DB0_PHYSXPC_093C5D1B4EE4A48F8F18ADB68D0A3A0__B124E508BBEC0430AD7BD0BA0C9B93FFF62B99D3.udd" 632
"/Users/Harshsingh/Library/Application Support/Epic/UnrealEngine/Common/DerivedDataCache/0/6/0/NAVCOLLISION_B89838347A4348138EE337A847529C5C_NAVCOLLISION_X_093C5D1B4EE4A48F8__65D44754EBBD8E821097AC8046BF368498916FB6.udd" 633
"/Users/Harshsingh/Library/Application Support/Epic/UnrealEngine/Common/DerivedDataCache/5/9/8/STATICMESH_46A8778361B442A9523C54440EA1E9D_8C68575CEF434CA8A9E1DA4AED8A47BB_24__FF0D20640F619D2E248756F838675FFE160580BD.udd" 634
"/Users/Harshsingh/Library/Application Support/Epic/UnrealEngine/Common/DerivedDataCache/7/2/3/PHYSX_1D9C17C451EA4FB88CB7A27536A65DB0_PHYSXPC_FC9F325A39419D4BC4BBDD8B527003B__BF87C2C0A5CCF3B818D99415132F3CA653D45553.udd" 635
"/Users/Harshsingh/Library/Application Support/Epic/UnrealEngine/Common/DerivedDataCache/4/7/5/NAVCOLLISION_B89838347A4348138EE337A847529C5C_NAVCOLLISION_X_FC9F325A39419D4BC__A7D441A3EAD59B62012B6AECF10A1AE3C3C18750.udd" 636
"/Users/Harshsingh/Library/Application Support/Epic/UnrealEngine/Common/DerivedDataCache/9/5/7/MATSM_984AFA3849534FAA8491540B994BD32E_GLSL_ES2_3857__BC5N_DEV_SL_NODBUF3565E0__1164B76FACF0853913161A221343101FA475C100.udd" 637
"/Users/Harshsingh/Library/Application Support/Epic/UnrealEngine/Common/DerivedDataCache/9/3/0/MATSM_984AFA3849534FAA8491540B994BD32E_GLSL_ES2_3857__BC5N_DEV_SL_NODBUFE42FA0__7A2CD43BE0EE45B7C8947C90DE553D2BB1FE79FB.udd" 638
"/Users/Harshsingh/Library/Application Support/Epic/UnrealEngine/Common/DerivedDataCache/7/0/2/STATICMESH_46A8778361B442A9523C54440EA1E9D_8C68575CEF434CA8A9E1DA4AED8A47BB_FC__33C1F0245C4A88045D3FF332334E0610E8223CA2.udd" 639
"/Users/Harshsingh/Library/Application Support/Epic/UnrealEngine/Common/DerivedDataCache/2/3/6/PHYSX_1D9C17C451EA4FB88CB7A27536A65DB0_PHYSXPC_FFD3D079444872FD9E1B7A92047F996__6F15402713E45BD2B07C815229E6CD0B12DC29DF.udd" 640
"/Users/Harshsingh/Library/Application Support/Epic/UnrealEngine/Common/DerivedDataCache/8/1/7/NAVCOLLISION_B89838347A4348138EE337A847529C5C_NAVCOLLISION_X_FFD3D079444872FD9__390D2CF0B2CF692CE2D197D9DB0BFFF82D35844B.udd" 641
"/Users/Harshsingh/Library/Application Support/Epic/UnrealEngine/Common/DerivedDataCache/0/2/9/MATSM_984AFA3849534FAA8491540B994BD32E_GLSL_ES2_3857__BC5N_DEV_SL_NODBUF5479E5__681BD8CDD444C7A4BF4C579B0C35229195F71C00.udd" 642
"/Users/Harshsingh/Library/Application Support/Epic/UnrealEngine/Common/DerivedDataCache/2/6/1/MATSM_984AFA3849534FAA8491540B994BD32E_GLSL_ES2_3857__BC5N_DEV_SL_NODBUF7CD201__EE0454CE5F86798DAB7B316EFCFCCB1F1288E8E5.udd" 643
"/Users/Harshsingh/Library/Application Support/Epic/UnrealEngine/Common/DerivedDataCache/1/6/0/STATICMESH_46A8778361B442A9523C54440EA1E9D_8C68575CEF434CA8A9E1DA4AED8A47BB_00__68B522D16C853999D3889A46906F17571731A03C.udd" 644
"/Users/Harshsingh/Library/Application Support/Epic/UnrealEngine/Common/DerivedDataCache/1/7/9/PHYSX_1D9C17C451EA4FB88CB7A27536A65DB0_PHYSXPC_1F2958536A422CDE430A43924851362__B1315BC5D6FC35B446760E32942B9121D784EEB2.udd" 645
"/Users/Harshsingh/Library/Application Support/Epic/UnrealEngine/Common/DerivedDataCache/2/7/2/NAVCOLLISION_B89838347A4348138EE337A847529C5C_NAVCOLLISION_X_1F2958536A422CDE4__2F1C7D76D876ABAFAA4DBE89A60005E4F2F05C1A.udd" 646
"/Users/Harshsingh/Library/Application Support/Epic/UnrealEngine/Common/DerivedDataCache/5/3/8/MATSM_984AFA3849534FAA8491540B994BD32E_GLSL_ES2_3857__BC5N_DEV_SL_NODBUF5186EB__21AE058E61F55EB6C14D9450BA3510894A2B0D91.udd" 647
"/Users/Harshsingh/Library/Application Support/Epic/UnrealEngine/Common/DerivedDataCache/4/3/6/STATICMESH_46A8778361B442A9523C54440EA1E9D_8C68575CEF434CA8A9E1DA4AED8A47BB_0A__871C5F24EB2BA9F63DA31EE7ACAEE3CE2D50E866.udd" 648
"/Users/Harshsingh/Library/Application Support/Epic/UnrealEngine/Common/DerivedDataCache/7/1/9/NAVCOLLISION_B89838347A4348138EE337A847529C5C_NAVCOLLISION_X_9630724F43E20F9F4__02B3AD66DA15C1D0150B37D72EFF12B89205F058.udd" 649
"/Users/Harshsingh/Library/Application Support/Epic/UnrealEngine/Common/DerivedDataCache/4/0/1/PHYSX_1D9C17C451EA4FB88CB7A27536A65DB0_PHYSXPC_9630724F43E20F9F4C75EB9B159DAA3__CDF778D8538653E48B401103887D7D592AF41594.udd" 650
"/Users/Harshsingh/Library/Application Support/Epic/UnrealEngine/Common/DerivedDataCache/1/9/8/MATSM_984AFA3849534FAA8491540B994BD32E_GLSL_ES2_3857__BC5N_DEV_SL_NODBUFCD12D1__F72DAB9D783E14B7F8E6A60D66CA85C6AFC4F342.udd" 651
"/Users/Harshsingh/Library/Application Support/Epic/UnrealEngine/Common/DerivedDataCache/5/8/9/STATICMESH_46A8778361B442A9523C54440EA1E9D_8C68575CEF434CA8A9E1DA4AED8A47BB_E1__4D1F1B2D5CD7B295D71CF277CF69E8E9F9B4F912.udd" 652
"/Users/Harshsingh/Library/Application Support/Epic/UnrealEngine/Common/DerivedDataCache/8/8/1/NAVCOLLISION_B89838347A4348138EE337A847529C5C_NAVCOLLISION_X_041B16A94D7EE6D0E__0CA272658E3F99249E356BC55504C524581A4A30.udd" 653
"/Users/Harshsingh/Library/Application Support/Epic/UnrealEngine/Common/DerivedDataCache/9/6/3/PHYSX_1D9C17C451EA4FB88CB7A27536A65DB0_PHYSXPC_041B16A94D7EE6D0ED548CBD7D5A147__5D6D9953BBEC7BC7C1E8940A6775B4DFD8A4FD86.udd" 654
"/Users/Harshsingh/Library/Application Support/Epic/UnrealEngine/Common/DerivedDataCache/9/7/6/STATICMESH_46A8778361B442A9523C54440EA1E9D_8C68575CEF434CA8A9E1DA4AED8A47BB_7B__DCF9702BA6265032AD0345B2B7FD66215DB07D04.udd" 655
"/Users/Harshsingh/Library/Application Support/Epic/UnrealEngine/Common/DerivedDataCache/4/2/1/NAVCOLLISION_B89838347A4348138EE337A847529C5C_NAVCOLLISION_X_D980D02D47971186C__AEB2E4E6A44491882C02CA3BBD28B1A06C10C2D8.udd" 656
"/Users/Harshsingh/Library/Application Support/Epic/UnrealEngine/Common/DerivedDataCache/6/2/7/PHYSX_1D9C17C451EA4FB88CB7A27536A65DB0_PHYSXPC_D980D02D47971186CD288EAFFE56E50__3648AF53E3BC717C0618B9F2C8F34A011C909D1A.udd" 657
"/Users/Harshsingh/Library/Application Support/Epic/UnrealEngine/Common/DerivedDataCache/5/9/8/MATSM_984AFA3849534FAA8491540B994BD32E_GLSL_ES2_3857__BC5N_DEV_SL_NODBUF8FCFE5__0C9276D61639081BEC9550969002E029B58167F7.udd" 658
"/Users/Harshsingh/Library/Application Support/Epic/UnrealEngine/Common/DerivedDataCache/0/6/8/STATICMESH_46A8778361B442A9523C54440EA1E9D_8C68575CEF434CA8A9E1DA4AED8A47BB_35__31CF12EC2E8A1739982AD95B91CAB1185C1DCE35.udd" 659
"/Users/Harshsingh/Library/Application Support/Epic/UnrealEngine/Common/DerivedDataCache/1/5/2/NAVCOLLISION_B89838347A4348138EE337A847529C5C_NAVCOLLISION_X_3807298D45B70BFAA__A89E9090053F9C107EBA7C824699AC9B0E8F7324.udd" 660
"/Users/Harshsingh/Library/Application Support/Epic/UnrealEngine/Common/DerivedDataCache/3/6/5/PHYSX_1D9C17C451EA4FB88CB7A27536A65DB0_PHYSXPC_3807298D45B70BFAAD5859A2D36561F__0D1C69CA8A4F9DE8C731EA8097341FBA286EE109.udd" 661
"/Users/Harshsingh/Library/Application Support/Epic/UnrealEngine/Common/DerivedDataCache/3/3/6/MATSM_984AFA3849534FAA8491540B994BD32E_GLSL_ES2_3857__BC5N_DEV_SL_NODBUF29EAF6__CBDBDD93137016E62AB9BA2676A234F6EE3D00B0.udd" 662
"/Users/Harshsingh/Library/Application Support/Epic/UnrealEngine/Common/DerivedDataCache/6/8/2/STATICMESH_46A8778361B442A9523C54440EA1E9D_8C68575CEF434CA8A9E1DA4AED8A47BB_C4__6E43982B7555ACAF376730F7E63B389A5D0AB360.udd" 663
"/Users/Harshsingh/Library/Application Support/Epic/UnrealEngine/Common/DerivedDataCache/3/7/3/NAVCOLLISION_B89838347A4348138EE337A847529C5C_NAVCOLLISION_X_4A026ADF440C4C72E__1E226CE94BA8C882EA9800C2C36FA866E85B1DCF.udd" 664
"/Users/Harshsingh/Library/Application Support/Epic/UnrealEngine/Common/DerivedDataCache/8/4/4/PHYSX_1D9C17C451EA4FB88CB7A27536A65DB0_PHYSXPC_4A026ADF440C4C72EF7E8C86598A75A__82A10A373B104D98AF43E7E840E20873A4DCA6D1.udd" 665
"/Users/Harshsingh/Library/Application Support/Epic/UnrealEngine/Common/DerivedDataCache/9/1/2/MATSM_984AFA3849534FAA8491540B994BD32E_GLSL_ES2_3857__BC5N_DEV_SL_NODBUF674485__1E0516F35262CE1B2A5F84C4F6D76FEBD410C6EC.udd" 666
"/Users/Harshsingh/Library/Application Support/Epic/UnrealEngine/Common/DerivedDataCache/2/1/8/STATICMESH_46A8778361B442A9523C54440EA1E9D_8C68575CEF434CA8A9E1DA4AED8A47BB_F5__8777035C05A1EA05B7D7D40DD0BA58085C6FD555.udd" 667
"/Users/Harshsingh/Library/Application Support/Epic/UnrealEngine/Common/DerivedDataCache/9/8/6/NAVCOLLISION_B89838347A4348138EE337A847529C5C_NAVCOLLISION_X_27924BEE47BFFCD54__65ED49955A36ECC8F51046B66B801095ED0D49D8.udd" 668
"/Users/Harshsingh/Library/Application Support/Epic/UnrealEngine/Common/DerivedDataCache/4/8/0/PHYSX_1D9C17C451EA4FB88CB7A27536A65DB0_PHYSXPC_27924BEE47BFFCD547680C8E4C7A818__6C66F5F039225B72077C3CA253B2342366AE6333.udd" 669
"/Users/Harshsingh/Library/Application Support/Epic/UnrealEngine/Common/DerivedDataCache/7/9/7/MATSM_984AFA3849534FAA8491540B994BD32E_GLSL_ES2_3857__BC5N_DEV_SL_NODBUFC584DE__D01589CD92D21FD64EC78F071FF57544DD19CD05.udd" 670
"/Users/Harshsingh/Library/Application Support/Epic/UnrealEngine/Common/DerivedDataCache/0/2/0/STATICMESH_46A8778361B442A9523C54440EA1E9D_8C68575CEF434CA8A9E1DA4AED8A47BB_0A__7642673DE72742F78CA43A34481EEBB2F3BAE24D.udd" 671
"/Users/Harshsingh/Library/Application Support/Epic/UnrealEngine/Common/DerivedDataCache/4/4/8/NAVCOLLISION_B89838347A4348138EE337A847529C5C_NAVCOLLISION_X_21A7B954405B87039__EEBC40FE99301DEA3920418203ED4AF5CAC6CCDE.udd" 672
"/Users/Harshsingh/Library/Application Support/Epic/UnrealEngine/Common/DerivedDataCache/5/0/7/PHYSX_1D9C17C451EA4FB88CB7A27536A65DB0_PHYSXPC_21A7B954405B870395922D8008267C7__2A425BD4435565794E799CE670340EC004550ED5.udd" 673
"/Users/Harshsingh/Library/Application Support/Epic/UnrealEngine/Common/DerivedDataCache/0/9/5/MATSM_984AFA3849534FAA8491540B994BD32E_GLSL_ES2_3857__BC5N_DEV_SL_NODBUFF8C210__7D8EBABB78FDF408A740CCD8D15D3FAAB221D689.udd" 674
"/Users/Harshsingh/Library/Application Support/Epic/UnrealEngine/Common/DerivedDataCache/1/1/2/STATICMESH_46A8778361B442A9523C54440EA1E9D_8C68575CEF434CA8A9E1DA4AED8A47BB_DD__3E9BEFE4476B6DAE74EF33DA12AE26AE69F991E4.udd" 675
"/Users/Harshsingh/Library/Application Support/Epic/UnrealEngine/Common/DerivedDataCache/5/6/6/NAVCOLLISION_B89838347A4348138EE337A847529C5C_NAVCOLLISION_X_0B3EB121402362BA9__22EE968BD62C8769F15F3CB1C4AF0DD1E6107A1E.udd" 676
"/Users/Harshsingh/Library/Application Support/Epic/UnrealEngine/Common/DerivedDataCache/0/6/4/PHYSX_1D9C17C451EA4FB88CB7A27536A65DB0_PHYSXPC_0B3EB121402362BA9CADD1B258E6007__7D151FAF2285652D638C28037228CBCDF44D4A80.udd" 677
"/Users/Harshsingh/Library/Application Support/Epic/UnrealEngine/Common/DerivedDataCache/9/4/0/MATSM_984AFA3849534FAA8491540B994BD32E_GLSL_ES2_3857__BC5N_DEV_SL_NODBUF3B59A4__3F1353D72D25820BFF92DD285E076709509F98AC.udd" 678
"/Users/Harshsingh/Library/Application Support/Epic/UnrealEngine/Common/DerivedDataCache/6/6/2/MATSM_984AFA3849534FAA8491540B994BD32E_GLSL_ES2_3857__BC5N_DEV_SL_NODBUFE8B628__C7CAA53D1704507BC824F1B8B0F936C0984B7BE9.udd" 679
"/Users/Harshsingh/Library/Application Support/Epic/UnrealEngine/Common/DerivedDataCache/4/5/3/MATSM_984AFA3849534FAA8491540B994BD32E_GLSL_ES2_3857__BC5N_DEV_SL_NODBUF8AFEBA__244882EA6CDD4ECCF985064E97B80EF7B953C078.udd" 680
"/Users/Harshsingh/Library/Application Support/Epic/UnrealEngine/Common/DerivedDataCache/1/4/8/MATSM_984AFA3849534FAA8491540B994BD32E_GLSL_ES2_3857__BC5N_DEV_SL_NODBUFA53E88__50B8A1236246A8885E89B7DE006963E99B194DA3.udd" 681
"/Users/Harshsingh/Library/Application Support/Epic/UnrealEngine/Common/DerivedDataCache/9/7/3/MATSM_984AFA3849534FAA8491540B994BD32E_GLSL_ES2_3857__BC5N_DEV_SL_NODBUFAD8D0A__249E1EEDCB36C5C404DD40A8B86F8C32700386C0.udd" 682
"/Users/Harshsingh/Library/Application Support/Epic/UnrealEngine/Common/DerivedDataCache/9/1/1/PHYSX_1D9C17C451EA4FB88CB7A27536A65DB0_PHYSXPC_FA3DED034E326D06D2798EA785FB3FE__6A19E00B58C960A1181F0EA95AAA8E6B996F52C9.udd" 683
"/Users/Harshsingh/Library/Application Support/Epic/UnrealEngine/Common/DerivedDataCache/0/5/8/NAVCOLLISION_B89838347A4348138EE337A847529C5C_NAVCOLLISION_X_FA3DED034E326D06D__A4BBC626A66623A2EB025913A8EBD6F43ACF2567.udd" 684
"/Users/Harshsingh/Library/Application Support/Epic/UnrealEngine/Common/DerivedDataCache/5/2/1/MATSM_984AFA3849534FAA8491540B994BD32E_GLSL_ES2_3857__BC5N_DEV_SL_NODBUF8618D8__1CDC02F2840C032A47840D049AEA80411DE10F0D.udd" 685
"/Users/Harshsingh/Library/Application Support/Epic/UnrealEngine/Common/DerivedDataCache/0/1/3/MATSM_984AFA3849534FAA8491540B994BD32E_GLSL_ES2_3857__BC5N_DEV_SL_NODBUF6E3195__7E3CB223BC273A9F559633572CFCDFD3BB0D444B.udd" 686
"/Users/Harshsingh/Library/Application Support/Epic/UnrealEngine/Common/DerivedDataCache/2/0/9/PHYSX_1D9C17C451EA4FB88CB7A27536A65DB0_PHYSXPC_7455546A07462DA9353938A93A90FB2__2FADF06BCE3DF2572AC11E40B04BA3DE783FB65F.udd" 687
"/Users/Harshsingh/Library/Application Support/Epic/UnrealEngine/Common/DerivedDataCache/6/2/8/NAVCOLLISION_B89838347A4348138EE337A847529C5C_NAVCOLLISION_X_7455546A07462DA93__8EB6294A91F27A7DFC8C430037045EF17715F386.udd" 688
"/Users/Harshsingh/Library/Application Support/Epic/UnrealEngine/Common/DerivedDataCache/1/4/6/MATSM_984AFA3849534FAA8491540B994BD32E_GLSL_ES2_3857__BC5N_DEV_SL_NODBUF502CF5__620F449BAA8C26CAD6425F5C491676FAF2636280.udd" 689
"../../../Engine/Content/EditorResources/BSPVertex.uasset" 690
"../../../Engine/Content/EngineDebugMaterials/GeomMaterial.uasset" 691
"/Users/Harshsingh/Library/Application Support/Epic/UnrealEngine/Common/DerivedDataCache/2/9/8/MATSM_984AFA3849534FAA8491540B994BD32E_GLSL_ES2_3857__BC5N_DEV_SL_NODBUFE7AF19__D4D289D30067B66C053A04982126B7E60BBE7E34.udd" 692
"../../../Engine/Content/EngineDebugMaterials/BoneWeightMaterial.uasset" 693
"../../../Engine/Content/EngineDebugMaterials/HeatmapGradient.uasset" 694
"/Users/Harshsingh/Library/Application Support/Epic/UnrealEngine/Common/DerivedDataCache/5/3/6/MATSM_984AFA3849534FAA8491540B994BD32E_GLSL_ES2_3857__BC5N_DEV_SL_NODBUF32DBCB__001A67AA7E366CFE16B5592064FF6F3F702946B5.udd" 695
"../../../Engine/Content/EditorMaterials/PhAT_JointLimitMaterial.uasset" 696
"/Users/Harshsingh/Library/Application Support/Epic/UnrealEngine/Common/DerivedDataCache/1/4/2/MATSM_984AFA3849534FAA8491540B994BD32E_GLSL_ES2_3857__BC5N_DEV_SL_NODBUFCA0E6D__444CE1AAD919D4D5E23A427E091C1F83227DC5E2.udd" 697
"../../../Engine/Content/EditorMaterials/PreviewShadowIndicatorMaterial.uasset" 698
"../../../Engine/Content/EditorMaterials/PreviewShadowIndicator.uasset" 699
"../../../Engine/Content/EngineMaterials/EditorBrushMaterial.uasset" 700
"/Users/Harshsingh/Library/Application Support/Epic/UnrealEngine/Common/DerivedDataCache/7/8/9/MATSM_984AFA3849534FAA8491540B994BD32E_GLSL_ES2_3857__BC5N_DEV_SL_NODBUFBA2C52__1C19497CB300A129F55002F25C3D3E526BCC4E1D.udd" 701
"../../../Engine/Content/EditorMeshes/ColorCalibrator/SM_ColorCalibrator.uasset" 702
"../../../Engine/Content/EditorMeshes/ColorCalibrator/M_ChromeBall.uasset" 703
"../../../Engine/Content/EditorMeshes/ColorCalibrator/M_ClearCoat.uasset" 704
"../../../Engine/Content/EditorMeshes/ColorCalibrator/M_ClearCoatBlack.uasset" 705
"../../../Engine/Content/EditorMeshes/ColorCalibrator/M_ColorGrid.uasset" 706
"../../../Engine/Content/EditorMeshes/ColorCalibrator/T_ColorGrid.uasset" 707
"../../../Engine/Content/EditorMeshes/ColorCalibrator/M_GreyBall.uasset" 708
"/Users/Harshsingh/Library/Application Support/Epic/UnrealEngine/Common/DerivedDataCache/5/6/7/MATSM_984AFA3849534FAA8491540B994BD32E_GLSL_ES2_3857__BC5N_DEV_SL_NODBUFE7FC03__C766FCF014629012F36CE3A26AFA2F7C7F8F6FF2.udd" 709
"/Users/Harshsingh/Library/Application Support/Epic/UnrealEngine/Common/DerivedDataCache/6/2/0/MATSM_984AFA3849534FAA8491540B994BD32E_GLSL_ES2_3857__BC5N_DEV_SL_NODBUFCA17AC__EF823AFA199FF87E1182A332CE7DBDFF659343A6.udd" 710
"/Users/Harshsingh/Library/Application Support/Epic/UnrealEngine/Common/DerivedDataCache/1/5/4/MATSM_984AFA3849534FAA8491540B994BD32E_GLSL_ES2_3857__BC5N_DEV_SL_NODBUFC9EC73__6D38070FB0404F2CB6A52F02D89C6D747B268BB0.udd" 711
"/Users/Harshsingh/Library/Application Support/Epic/UnrealEngine/Common/DerivedDataCache/2/7/5/MATSM_984AFA3849534FAA8491540B994BD32E_GLSL_ES2_3857__BC5N_DEV_SL_NODBUF7DD52D__4FF8E8A54D6BD321CC7D8002CC028E7D8BAF97F4.udd" 712
"/Users/Harshsingh/Library/Application Support/Epic/UnrealEngine/Common/DerivedDataCache/5/3/2/MATSM_984AFA3849534FAA8491540B994BD32E_GLSL_ES2_3857__BC5N_DEV_SL_NODBUFECFD70__D0486D0F1FC1E251378F3D8240E088D8045F6537.udd" 713
"../../../Engine/Content/Tutorial/SubEditors/TutorialAssets/icon_Editor_Preferences_General_40x.uasset" 714
"../../../Engine/Content/Tutorial/Paper2D/TutorialAssets/Paper2DSprite_TutorialIcon.uasset" 715
"../../../Engine/Content/Tutorial/SubEditors/TutorialAssets/icon_ShowSkeletalMeshes_40x.uasset" 716
"../../../Engine/Content/Tutorial/Landscape/TutorialAssets/Landscape.uasset" 717
"../../../Engine/Content/Tutorial/Foliage/TutorialAssets/Foliage.uasset" 718
"../../../Engine/Content/Tutorial/BlueprintTutorials/BlueprintMacroLibrariesEditorOverview.uasset" 719
"../../../Engine/Content/Tutorial/BlueprintTutorials/TutorialAssets/BlueprintMacroLibrary_64x.uasset" 720
"../../../Engine/Content/Tutorial/BlueprintTutorials/TutorialAssets/Tutorial_BP_MacroLib.uasset" 721
"../../../Engine/Content/Tutorial/BlueprintTutorials/LevelBlueprintEditorOverview.uasset" 722
"../../../Engine/Content/Tutorial/SubEditors/DestructibleMeshEditorTutorial.uasset" 723
"../../../Engine/Content/Tutorial/SubEditors/TutorialAssets/Tutorial_DM.uasset" 724
"../../../Engine/Content/EditorMeshes/EditorCube.uasset" 725
"../../../Engine/Content/Tutorial/SubEditors/MaterialEditorTutorial.uasset" 726
"../../../Engine/Content/Tutorial/SubEditors/TutorialAssets/TutorialMaterial.uasset" 727
"/Users/Harshsingh/Library/Application Support/Epic/UnrealEngine/Common/DerivedDataCache/6/9/7/MATSM_984AFA3849534FAA8491540B994BD32E_GLSL_ES2_3857__BC5N_DEV_SL_NODBUFD4CBC3__786FF162C7D3A7D29E78BC59D6027B74EC03253A.udd" 728
"../../../Engine/Content/Tutorial/SubEditors/PersonaAnimEditorWalkThrough.uasset" 729
"../../../Engine/Content/Tutorial/SubEditors/TutorialAssets/Character/NewBlendSpace1D.uasset" 730
"../../../Engine/Content/Tutorial/SubEditors/TutorialAssets/Character/Tutorial_Idle.uasset" 731
"../../../Engine/Content/Tutorial/SubEditors/TutorialAssets/Character/TutorialTPP_Skeleton.uasset" 732
"../../../Engine/Content/Tutorial/SubEditors/TutorialAssets/Character/Tutorial_Walk_Fwd.uasset" 733
"../../../Engine/Content/Tutorial/SubEditors/TutorialAssets/Character/TutorialTPP.uasset" 734
"../../../Engine/Content/Tutorial/SubEditors/TutorialAssets/Character/TutorialTPP_Mat.uasset" 735
"../../../Engine/Content/Tutorial/SubEditors/TutorialAssets/Character/TutorialTPP_PhysicsAsset.uasset" 736
"/Users/Harshsingh/Library/Application Support/Epic/UnrealEngine/Common/DerivedDataCache/3/7/5/MATSM_984AFA3849534FAA8491540B994BD32E_GLSL_ES2_3857__BC5N_DEV_SL_NODBUF9F95EF__9A685334DB89D7D035DFDC1A4BE69A747E5829E7.udd" 737
"../../../Engine/Content/Tutorial/SubEditors/PersonaAnimBlueprintEditorWalkthrough.uasset" 738
"../../../Engine/Content/Tutorial/SubEditors/TutorialAssets/Character/TutorialTPP_AnimBlueprint.uasset" 739
"../../../Engine/Content/Tutorial/SubEditors/TutorialAssets/Character/TutorialCharacter.uasset" 740
"../../../Engine/Content/Tutorial/Paper2D/SpriteEditorTutorial.uasset" 741
"../../../Engine/Content/Tutorial/Paper2D/FlipbookEditorTutorial.uasset" 742
"../../../Engine/Content/Tutorial/Paper2D/TutorialAssets/Paper2DFlipbook_TutorialIcon.uasset" 743
"../../../Engine/Content/Tutorial/Landscape/Landscape_Manage_Mode.uasset" 744
"../../../Engine/Content/Tutorial/Landscape/Landscape_Sculpt_Mode.uasset" 745
"../../../Engine/Content/Tutorial/Landscape/Landscape_Painting_Mode.uasset" 746
"../../../Engine/Content/Tutorial/Foliage/Foliage_Intro_Tutorial.uasset" 747
"../../../Engine/Content/Tutorial/Foliage/Foliage_Using_The_Tool_Tutorial.uasset" 748
"../../../Engine/Content/Tutorial/Foliage/Foliage_Settings_Tutorial.uasset" 749
"../../../Engine/Content/Tutorial/SubEditors/TutorialAssets/TutorialParticleSystem.uasset" 750
"../../../Engine/Content/Tutorial/SubEditors/TutorialAssets/M_smoke_subUV_blackbody.uasset" 751
"../../../Engine/Content/Tutorial/SubEditors/TutorialAssets/T_SmokeSubUV_8X8.uasset" 752
"../../../Engine/Content/Tutorial/SubEditors/TutorialAssets/T_soft_smoke.uasset" 753
"/Users/Harshsingh/Library/Application Support/Epic/UnrealEngine/Common/DerivedDataCache/0/1/8/MATSM_984AFA3849534FAA8491540B994BD32E_GLSL_ES2_3857__BC5N_DEV_SL_NODBUF81623A__E4C299E121AB63BCF5AADB9D6588D6245805A2BC.udd" 754
"../../../Engine/Content/EngineMeshes/Cube.uasset" 755
"../../../Engine/Content/Tutorial/BlueprintTutorials/TutorialAssets/Tutorial_BP_Interface.uasset" 756
"../../../../../../Harshsingh/Documents/Git/Crappy_Bird/Content/Meshes/SM_BG_Hill_01.uasset" 757
"/Users/Harshsingh/Library/Application Support/Epic/UnrealEngine/Common/DerivedDataCache/9/7/9/TEXTURE_814DCC3DC72143F49509781513CB9855_ATC_RGBA_I_BB63BBB8435ACC3EB21CE388EB__2E7AEA2C50249AAE9A25D8777D47214D70EA42C0.udd" 758
"/Users/Harshsingh/Library/Application Support/Epic/UnrealEngine/Common/DerivedDataCache/0/5/0/TEXTURE_814DCC3DC72143F49509781513CB9855_ATC_RGBA_I_BB63BBB8435ACC3EB21CE388EB__0279D023B278195FD0BE741A135BCFB11FA1E006.udd" 759
"/Users/Harshsingh/Library/Application Support/Epic/UnrealEngine/Common/DerivedDataCache/3/2/4/TEXTURE_814DCC3DC72143F49509781513CB9855_ATC_RGBA_I_BB63BBB8435ACC3EB21CE388EB__D3C7BD75A4FF1E9288AEB0E582C5B404497B010D.udd" 760
"/Users/Harshsingh/Library/Application Support/Epic/UnrealEngine/Common/DerivedDataCache/7/7/9/TEXTURE_814DCC3DC72143F49509781513CB9855_ATC_RGBA_I_0280E223440984B0300BF18D92__B2A781AE3C4D7D7E3EA880D3D55D9A63AF8A7081.udd" 761
"/Users/Harshsingh/Library/Application Support/Epic/UnrealEngine/Common/DerivedDataCache/2/8/5/TEXTURE_814DCC3DC72143F49509781513CB9855_ATC_RGBA_I_0280E223440984B0300BF18D92__B140D1A99CC8F872616D00B5B8EB792812E8660F.udd" 762
"/Users/Harshsingh/Library/Application Support/Epic/UnrealEngine/Common/DerivedDataCache/6/4/0/TEXTURE_814DCC3DC72143F49509781513CB9855_ATC_RGBA_I_0280E223440984B0300BF18D92__660A5F7944AACA5906D7AB67E4F1D166E7321E3C.udd" 763
"../../../Engine/Content/Internationalization/icudt53l/zoneinfo64.res" 764
"../../../Engine/Content/Internationalization/icudt53l/keyTypeData.res" 765
"../../../Engine/Content/Internationalization/icudt53l/timezoneTypes.res" 766
"../../../Engine/Content/Internationalization/icudt53l/supplementalData.res" 767
"../../../Engine/Content/Internationalization/icudt53l/likelySubtags.res" 768
"/Users/Harshsingh/Library/Application Support/Epic/UnrealEngine/Common/DerivedDataCache/0/8/0/TEXTURE_814DCC3DC72143F49509781513CB9855_BGRA8_9E25EFC64904C4DA84CEA2ABFC35521__81C3BC5E24A55D3DB22AEB03A2AC63A16480B1A3.udd" 769
"/Users/Harshsingh/Library/Application Support/Epic/UnrealEngine/Common/DerivedDataCache/5/0/6/TEXTURE_814DCC3DC72143F49509781513CB9855_AUTOATC_C4CAAA4C4201DC81106726AE19F66__4FDCC7D3F9A224A09B670678CA587B2CEDDCEAF7.udd" 770
"/Users/Harshsingh/Library/Application Support/Epic/UnrealEngine/Common/DerivedDataCache/0/1/3/TEXTURE_814DCC3DC72143F49509781513CB9855_BGRA8_4A2C9D17491D6FBE72B0F9ABC209383__95DCCE6958A97F6E5A32B4D3BEB0AFDFCE9B7343.udd" 771
"/Users/Harshsingh/Library/Application Support/Epic/UnrealEngine/Common/DerivedDataCache/7/7/6/TEXTURE_814DCC3DC72143F49509781513CB9855_AUTOATC_F187FDB3400E3A4208859C8FAE657__C9DF77B875C2742E4014A5C029C8CCD8ADEF82E9.udd" 772
"/Users/Harshsingh/Library/Application Support/Epic/UnrealEngine/Common/DerivedDataCache/9/8/6/TEXTURE_814DCC3DC72143F49509781513CB9855_BGRA8_FDC22DBC48A00D880DC0A988D915875__F8F822E2B7004B71455E0C8A2F06E703E99DC80B.udd" 773
"/Users/Harshsingh/Library/Application Support/Epic/UnrealEngine/Common/DerivedDataCache/5/8/3/TEXTURE_814DCC3DC72143F49509781513CB9855_AUTOATC_1E79E1B04C0EEB217E62E3BED03C2__BAFBCF32313BB8E922C2B7798D76EECDDA092128.udd" 774
"/Users/Harshsingh/Library/Application Support/Epic/UnrealEngine/Common/DerivedDataCache/4/8/8/TEXTURE_814DCC3DC72143F49509781513CB9855_BGRA8_C3CA724649CD08335625259CAEAF8AE__07696B3462DFAFE6E8E68015757322E3FF4AA772.udd" 775
"/Users/Harshsingh/Library/Application Support/Epic/UnrealEngine/Common/DerivedDataCache/1/1/6/TEXTURE_814DCC3DC72143F49509781513CB9855_BGRA8_9EC018EB4B3FFB892A7C13A19BA7428__184CF068699AF89904926D69816D09FF59112528.udd" 776
"/Users/Harshsingh/Library/Application Support/Epic/UnrealEngine/Common/DerivedDataCache/2/1/4/TEXTURE_814DCC3DC72143F49509781513CB9855_AUTOATC_5F27A7A94ABEA4A7901C6396418EE__996872F8A81357C81B4FF81B4913EB3577E4FFA3.udd" 777
"/Users/Harshsingh/Library/Application Support/Epic/UnrealEngine/Common/DerivedDataCache/9/6/9/TEXTURE_814DCC3DC72143F49509781513CB9855_BGRA8_E660CE374A61BA2EF4A9F5AF146D1D9__B9DB8BC939E688F62B60BB2A9DAE361173ACB9F5.udd" 778
"/Users/Harshsingh/Library/Application Support/Epic/UnrealEngine/Common/DerivedDataCache/3/5/4/TEXTURE_814DCC3DC72143F49509781513CB9855_AUTOATC_173EFE944EAC9E300E0EF48066067__476081238C22104F5054689AE501FE3367E520BE.udd" 779
"/Users/Harshsingh/Library/Application Support/Epic/UnrealEngine/Common/DerivedDataCache/6/6/0/TEXTURE_814DCC3DC72143F49509781513CB9855_AUTOATC_F8EC7EA340CF5BB061022189479F0__C870D13BCE7578F9232C8D5BA93396FF4B78F120.udd" 780
"/Users/Harshsingh/Library/Application Support/Epic/UnrealEngine/Common/DerivedDataCache/0/8/9/TEXTURE_814DCC3DC72143F49509781513CB9855_BGRA8_074D0948483ABFD0FD1FCEB2A2D556F__3B46C12E174F1133475C663C3E259881E0E2ED1A.udd" 781
"/Users/Harshsingh/Library/Application Support/Epic/UnrealEngine/Common/DerivedDataCache/2/3/1/TEXTURE_814DCC3DC72143F49509781513CB9855_AUTOATC_134EB9E948D432002ACEF4A387D5A__713D40A4DF21DC2EA5A496907298436B56D8D575.udd" 782
"/Users/Harshsingh/Library/Application Support/Epic/UnrealEngine/Common/DerivedDataCache/8/9/7/TEXTURE_814DCC3DC72143F49509781513CB9855_AUTOATC_134EB9E948D432002ACEF4A387D5A__A0D6175B5CB154DF9868687C5BB5060195F024E5.udd" 783
"/Users/Harshsingh/Library/Application Support/Epic/UnrealEngine/Common/DerivedDataCache/0/7/0/TEXTURE_814DCC3DC72143F49509781513CB9855_AUTOATC_134EB9E948D432002ACEF4A387D5A__AFB4A23D882E82A4503438DA9F312E80D56AE4CF.udd" 784
"/Users/Harshsingh/Library/Application Support/Epic/UnrealEngine/Common/DerivedDataCache/9/9/4/TEXTURE_814DCC3DC72143F49509781513CB9855_AUTOATC_134EB9E948D432002ACEF4A387D5A__D56C2A5CE3A2C243B8E2FEB0E89A7C561B3B2E59.udd" 785
