"../../../CrappyBird/Content/Blueprints/BP_TappyChickenSaveGame.uasset" 0
"../../../Engine/Content/EditorBlueprintResources/StandardMacros.uasset" 1
"../../../CrappyBird/Content/Fonts/F_TappyChickenNumbers_10.uasset" 2
"../../../CrappyBird/Content/Materials/MPC_TappyChicken_01.uasset" 3
"../../../CrappyBird/Content/Fonts/M_TappyChickenNumbers_10.uasset" 4
"../../../CrappyBird/Content/Audio/SFX_Chicken_01.uasset" 5
"../../../CrappyBird/Content/Audio/SFX_Chicken_01_Cue.uasset" 6
"../../../CrappyBird/Content/Audio/SFX_Click_01.uasset" 7
"../../../CrappyBird/Content/Audio/SFX_Click_01_Cue.uasset" 8
"../../../CrappyBird/Content/Audio/SFX_FlapWing_01.uasset" 9
"../../../CrappyBird/Content/Audio/SFX_FlapWing_02.uasset" 10
"../../../CrappyBird/Content/Audio/SFX_FlapWing_03.uasset" 11
"../../../CrappyBird/Content/Audio/SFX_FlapWing_04.uasset" 12
"../../../CrappyBird/Content/Audio/SFX_FlapWing_Cue.uasset" 13
"../../../CrappyBird/Content/Audio/SFX_HitGround_01.uasset" 14
"../../../CrappyBird/Content/Audio/SFX_HitGround_01_Cue.uasset" 15
"../../../CrappyBird/Content/Audio/SFX_HitObstacle_01.uasset" 16
"../../../CrappyBird/Content/Audio/SFX_HitObstacle_01_Cue.uasset" 17
"../../../CrappyBird/Content/Audio/SFX_LastCluck_01.uasset" 18
"../../../CrappyBird/Content/Audio/SFX_LastCluck_02.uasset" 19
"../../../CrappyBird/Content/Audio/SFX_LastCluck_03.uasset" 20
"../../../CrappyBird/Content/Audio/SFX_LastCluck_04.uasset" 21
"../../../CrappyBird/Content/Audio/SFX_LastCluck_Cue.uasset" 22
"../../../CrappyBird/Content/Audio/SFX_Score_01.uasset" 23
"../../../CrappyBird/Content/Audio/SFX_Score_01_Cue.uasset" 24
"../../../CrappyBird/Content/Blueprints/Enum_GameMode.uasset" 25
"../../../CrappyBird/Content/Blueprints/Enum_Platform.uasset" 26
"../../../CrappyBird/Content/Effects/T_Feathers_01.uasset" 27
"../../../CrappyBird/Content/Effects/M_Feathers_01.uasset" 28
"../../../CrappyBird/Content/Effects/FX_Feathers_01.uasset" 29
"../../../CrappyBird/Content/Effects/FX_FeathersHit_01.uasset" 30
"../../../CrappyBird/Content/Import/Textures/Skyline_UV_copy.uasset" 31
"../../../CrappyBird/Content/Import/Materials/BG/Skyline_1.uasset" 32
"../../../CrappyBird/Content/Import/Meshes/BG/SM_Buildings_01.uasset" 33
"../../../CrappyBird/Content/Import/Meshes/BG/SM_Buildings_02.uasset" 34
"../../../CrappyBird/Content/Import/Textures/Street_Signpost.uasset" 35
"../../../CrappyBird/Content/Import/Materials/Obstacles/Signport.uasset" 36
"../../../CrappyBird/Content/Import/Meshes/Signpost.uasset" 37
"../../../Engine/Content/Functions/Engine_MaterialFunctions02/Utility/Sign.uasset" 38
"../../../Engine/Content/Functions/Engine_MaterialFunctions02/Utility/Round.uasset" 39
"../../../Engine/Content/Functions/Engine_MaterialFunctions02/ExampleContent/Textures/flipbook.uasset" 40
"../../../Engine/Content/Functions/Engine_MaterialFunctions02/Texturing/FlipBook.uasset" 41
"../../../CrappyBird/Content/Import/Sprite/Noise/Sign_Post_Spritesheet.uasset" 42
"../../../CrappyBird/Content/Import/Sprite/Noise/Sign_Post/Sign_Post_Spritesheet.uasset" 43
"../../../CrappyBird/Content/Import/Materials/Obstacles/Signport_Collide.uasset" 44
"../../../CrappyBird/Content/Import/Meshes/Signpost_Collide.uasset" 45
"../../../CrappyBird/Content/Materials/Street_Lamp.uasset" 46
"../../../CrappyBird/Content/Import/Materials/Obstacles/Streetlight.uasset" 47
"../../../CrappyBird/Content/Import/Meshes/SM_Streetlamp.uasset" 48
"../../../CrappyBird/Content/Import/Sprite/Noise/Street_Lamp_Noise_Spritesheet.uasset" 49
"../../../CrappyBird/Content/Import/Sprite/Noise/Lamp_Post/Street_Lamp_Noise_Spritesheet.uasset" 50
"../../../CrappyBird/Content/Materials/Street_Lamp_Collide.uasset" 51
"../../../CrappyBird/Content/Import/Materials/Obstacles/Streetlight_Collide.uasset" 52
"../../../CrappyBird/Content/Import/Meshes/SM_Streetlamp_Collide.uasset" 53
"../../../CrappyBird/Content/Import/Textures/Stop_Sign.uasset" 54
"../../../CrappyBird/Content/Import/Materials/Obstacles/Stop_Post2.uasset" 55
"../../../CrappyBird/Content/Import/Meshes/Stop_Post.uasset" 56
"../../../CrappyBird/Content/Import/Sprite/Noise/Stop_Post_Spritesheet.uasset" 57
"../../../CrappyBird/Content/Import/Materials/Obstacles/Stop_Post_Collide2.uasset" 58
"../../../CrappyBird/Content/Import/Meshes/Stop_Post_Collide.uasset" 59
"../../../CrappyBird/Content/Import/Textures/Telephone_Line.uasset" 60
"../../../CrappyBird/Content/Import/Materials/Obstacles/Telephone_Post2.uasset" 61
"../../../CrappyBird/Content/Import/Meshes/Telephone_Post.uasset" 62
"../../../CrappyBird/Content/Import/Sprite/Noise/Telephone_Line_Noise_Spritesheet.uasset" 63
"../../../CrappyBird/Content/Import/Sprite/Noise/Telephone_Pole/Telephone_Line_Noise_Spritesheet.uasset" 64
"../../../CrappyBird/Content/Import/Materials/Obstacles/Telephone_Post_Collide2.uasset" 65
"../../../CrappyBird/Content/Import/Meshes/Telephone_Post_Collide.uasset" 66
"../../../CrappyBird/Content/Import/Textures/UI/Main_UI_Texture.uasset" 67
"../../../CrappyBird/Content/Import/Materials/UI/Crap_Button.uasset" 68
"../../../CrappyBird/Content/Import/Meshes/UI/SM_Crap_Button.uasset" 69
"../../../CrappyBird/Content/Import/Materials/UI/Flap_Button.uasset" 70
"../../../CrappyBird/Content/Import/Meshes/UI/SM_Flap_Button.uasset" 71
"../../../CrappyBird/Content/Import/Materials/UI/Game_Over.uasset" 72
"../../../CrappyBird/Content/Import/Meshes/UI/SM_Game_Over_Sign.uasset" 73
"../../../CrappyBird/Content/Import/Materials/UI/Go_.uasset" 74
"../../../CrappyBird/Content/Import/Meshes/UI/SM_Go__Sign.uasset" 75
"../../../CrappyBird/Content/Import/Materials/UI/Play_Button.uasset" 76
"../../../CrappyBird/Content/Import/Meshes/UI/SM_Play_Button.uasset" 77
"../../../CrappyBird/Content/Import/Materials/UI/Score_Tab.uasset" 78
"../../../CrappyBird/Content/Import/Meshes/UI/SM_Score_Tab.uasset" 79
"../../../CrappyBird/Content/Import/Materials/UI/Title_Sign.uasset" 80
"../../../CrappyBird/Content/Import/Meshes/UI/SM_Title_Sign.uasset" 81
"../../../Engine/Plugins/2D/Paper2D/Content/PlaceholderTextures/DummySpriteTexture.uasset" 82
"../../../Engine/Plugins/2D/Paper2D/Content/DefaultSpriteMaterial.uasset" 83
"../../../Engine/Plugins/2D/Paper2D/Content/TranslucentUnlitSpriteMaterial.uasset" 84
"../../../CrappyBird/Content/Import/Textures/Shittteeeee/Shiitttteeee__.uasset" 85
"../../../CrappyBird/Content/Import/Sprite/Shhiiitttteeeee/Shiitttteeee___Sprite.uasset" 86
"../../../CrappyBird/Content/Materials/T_TappyChicken_BG_02.uasset" 87
"../../../CrappyBird/Content/Materials/M_PanningBG_Alpha.uasset" 88
"../../../CrappyBird/Content/Meshes/SM_BG_Clouds_01.uasset" 89
"../../../CrappyBird/Content/Meshes/SM_BG_Clouds_02.uasset" 90
"../../../CrappyBird/Content/Meshes/SM_BG_Fence_01.uasset" 91
"../../../CrappyBird/Content/Materials/M_PanningBG_Opaque.uasset" 92
"../../../CrappyBird/Content/Meshes/SM_BG_Ground_01.uasset" 93
"../../../CrappyBird/Content/Meshes/SM_BG_Plants_01.uasset" 94
"../../../CrappyBird/Content/Materials/M_BG_Sky.uasset" 95
"../../../CrappyBird/Content/Meshes/SM_BG_Sky_01.uasset" 96
"../../../CrappyBird/Content/Materials/T_TappyChicken_UI_01.uasset" 97
"../../../CrappyBird/Content/Materials/M_TappyChicken_UI_01_Alpha.uasset" 98
"../../../CrappyBird/Content/Meshes/SM_Btn_Achievements.uasset" 99
"../../../CrappyBird/Content/Meshes/SM_Btn_LeaderBoard.uasset" 100
"../../../CrappyBird/Content/Meshes/SM_Btn_Rate.uasset" 101
"../../../CrappyBird/Content/Meshes/SM_New.uasset" 102
"../../../CrappyBird/Content/Import/Textures/Crappy_Bird_4X.uasset" 103
"../../../CrappyBird/Content/Materials/M_TappyChicken_01.uasset" 104
"../../../CrappyBird/Content/Meshes/SM_Player_01.uasset" 105
"../../../CrappyBird/Content/Blueprints/BP_MainGame.uasset" 106
"../../../CrappyBird/Content/SetupFiles/BP_SimpleGame_HUD.uasset" 107
"../../../CrappyBird/Content/SetupFiles/BP_SimpleGame_Pawn.uasset" 108
"../../../CrappyBird/Content/SetupFiles/BP_SimpleGame_PlayerController.uasset" 109
"../../../CrappyBird/Content/SetupFiles/BP_SimpleGame_GameInfo.uasset" 110
"../../../Engine/Content/Functions/Engine_MaterialFunctions01/Opacity/CameraDepthFade.uasset" 111
"../../../Engine/Content/EngineMaterials/T_Default_Material_Grid_M.uasset" 112
"../../../Engine/Content/EngineMaterials/T_Default_Material_Grid_N.uasset" 113
"../../../Engine/Content/EngineMaterials/WorldGridMaterial.uasset" 114
"../../../Engine/Content/EditorResources/MatineeCam_D.uasset" 115
"../../../CrappyBird/Content/Maps/TappyChickenMap.umap" 116
"../../../Engine/Content/EngineFonts/Roboto.uasset" 117
"../../../Engine/Content/Functions/Engine_MaterialFunctions01/Shading/PowerToRoughness.uasset" 118
"../../../Engine/Content/EngineMaterials/DefaultDiffuse.uasset" 119
"../../../Engine/Content/EngineMaterials/DefaultDeferredDecalMaterial.uasset" 120
"../../../Engine/Content/EngineMaterials/DefaultLightFunctionMaterial.uasset" 121
"../../../Engine/Content/Functions/Engine_MaterialFunctions02/Utility/BreakOutFloat2Components.uasset" 122
"../../../Engine/Content/EngineMaterials/DefaultPostProcessMaterial.uasset" 123
"../../../Engine/Content/EngineResources/DefaultTexture.uasset" 124
"../../../Engine/Content/Functions/Engine_MaterialFunctions02/Texturing/ScreenAlignedUVs.uasset" 125
"../../../Engine/Content/EngineResources/WhiteSquareTexture.uasset" 126
"../../../Engine/Content/EngineMaterials/Widget3DPassThrough.uasset" 127
"../../../Engine/Content/EngineMaterials/Widget3DPassThrough_Translucent.uasset" 128
"../../../Engine/Content/EngineMaterials/Widget3DPassThrough_Translucent_OneSided.uasset" 129
"../../../Engine/Content/EngineMaterials/Widget3DPassThrough_Opaque.uasset" 130
"../../../Engine/Content/EngineMaterials/Widget3DPassThrough_Opaque_OneSided.uasset" 131
"../../../Engine/Content/EngineMaterials/Widget3DPassThrough_Masked.uasset" 132
"../../../Engine/Content/EngineMaterials/Widget3DPassThrough_Masked_OneSided.uasset" 133
"../../../Engine/Content/EditorResources/S_Actor.uasset" 134
"../../../Engine/Content/EditorResources/S_Emitter.uasset" 135
"../../../Engine/Content/EditorResources/SceneManager.uasset" 136
"../../../Engine/Content/EditorResources/Bad.uasset" 137
"../../../Engine/Content/EditorResources/Bkgnd.uasset" 138
"../../../Engine/Content/EditorResources/BkgndHi.uasset" 139
"../../../Engine/Content/EditorMeshes/EditorCube.uasset" 140
"../../../Engine/Content/EditorMeshes/EditorSphere.uasset" 141
"../../../Engine/Content/EditorMeshes/EditorPlane.uasset" 142
"../../../Engine/Content/EditorMeshes/EditorCylinder.uasset" 143
"../../../Engine/Content/Maps/Templates/Thumbnails/Default.uasset" 144
"../../../Engine/Content/EditorMaterials/Thumbnails/SkySphereMaterial.uasset" 145
"../../../Engine/Content/EditorMeshes/EditorSkySphere.uasset" 146
"../../../Engine/Content/EngineMaterials/Grid.uasset" 147
"../../../Engine/Content/EditorMaterials/Thumbnails/FloorPlaneMaterial.uasset" 148
"../../../Engine/Content/MapTemplates/Sky/DaylightAmbientCubemap.uasset" 149
"../../../Engine/Content/EditorMaterials/ParticleSystems/PSysThumbnail_NoImage.uasset" 150
"../../../Engine/Content/EditorMaterials/ParticleSystems/PSysThumbnail_OOD.uasset" 151
"../../../Engine/Content/EditorResources/S_DecalActorIcon.uasset" 152
"../../../Engine/Content/EditorLandscapeResources/LandscapeGizmo_Mat.uasset" 153
"../../../Engine/Content/EditorLandscapeResources/LandscapeGizmo_Mat_Copied.uasset" 154
"../../../Engine/Content/EditorLandscapeResources/LandscapeGizmoHeight_Mat.uasset" 155
"../../../Engine/Content/EditorLandscapeResources/DataLayer.uasset" 156
"../../../Engine/Content/EditorResources/S_Terrain.uasset" 157
"../../../Engine/Content/EditorLandscapeResources/SplineEditorMeshMat.uasset" 158
"../../../Engine/Content/EditorLandscapeResources/SplineEditorMesh.uasset" 159
"../../../Engine/Content/EditorMaterials/MatineeCam_mat.uasset" 160
"../../../Engine/Content/EditorMeshes/MatineeCam_SM.uasset" 161
"../../../Engine/Content/EditorResources/T_EditorHelp.uasset" 162
"../../../Engine/Content/EditorMaterials/HelpActorMaterial.uasset" 163
"../../../Engine/Content/EditorResources/S_ExpoHeightFog.uasset" 164
"../../../Engine/Content/EditorResources/S_NavP.uasset" 165
"../../../Engine/Content/EditorResources/S_Player.uasset" 166
"../../../Engine/Content/EditorResources/LightIcons/SkyLight.uasset" 167
"../../../Engine/Content/EditorResources/S_WindDirectional.uasset" 168
"../../../Engine/Content/EngineDamageTypes/DmgTypeBP_Environmental.uasset" 169
"../../../Engine/Content/EditorResources/LightIcons/S_LightDirectional.uasset" 170
"../../../Engine/Content/EditorResources/LightIcons/S_LightDirectionalMove.uasset" 171
"../../../Engine/Content/EditorResources/LightIcons/S_LightPoint.uasset" 172
"../../../Engine/Content/EditorResources/LightIcons/S_LightPointMove.uasset" 173
"../../../Engine/Content/EditorResources/LightIcons/S_LightSpot.uasset" 174
"../../../Engine/Content/EditorResources/LightIcons/S_LightSpotMove.uasset" 175
"../../../Engine/Content/EditorResources/MatInstActSprite.uasset" 176
"../../../Engine/Content/EditorResources/AI/S_NavLink.uasset" 177
"../../../Engine/Content/EditorResources/S_Note.uasset" 178
"../../../Engine/Content/EngineMeshes/Sphere.uasset" 179
"../../../Engine/Content/EditorResources/S_ReflActorIcon.uasset" 180
"../../../Engine/Content/EditorResources/S_Thruster.uasset" 181
"../../../Engine/Content/EditorResources/S_RadForce.uasset" 182
"../../../Engine/Content/EditorMaterials/TargetIcon.uasset" 183
"../../../Engine/Content/EngineFonts/RobotoDistanceField.uasset" 184
"../../../Engine/Content/EngineMaterials/DefaultTextMaterialOpaque.uasset" 185
"../../../Engine/Content/EditorResources/S_TextRenderActorIcon.uasset" 186
"../../../Engine/Content/EditorResources/S_Trigger.uasset" 187
"../../../Engine/Content/EditorResources/S_VectorFieldVol.uasset" 188
"../../../Engine/Content/EngineResources/GradientTexture0.uasset" 189
"../../../Engine/Content/EngineResources/Black.uasset" 190
"../../../Engine/Content/EditorMaterials/MatineeGroups/MAT_Groups_Float.uasset" 191
"../../../Engine/Content/EditorMaterials/MatineeGroups/MAT_Groups_Director.uasset" 192
"../../../Engine/Content/EditorMaterials/MatineeGroups/MAT_Groups_Event.uasset" 193
"../../../Engine/Content/EditorMaterials/MatineeGroups/MAT_Groups_Anim.uasset" 194
"../../../Engine/Content/EditorMaterials/MatineeGroups/MAT_Groups_Fade.uasset" 195
"../../../Engine/Content/EditorMaterials/MatineeGroups/MAT_Groups_Move.uasset" 196
"../../../Engine/Content/EditorMaterials/MatineeGroups/MAT_Groups_Slomo.uasset" 197
"../../../Engine/Content/EditorMaterials/MatineeGroups/MAT_ColorTrack.uasset" 198
"../../../Engine/Content/EditorMaterials/MAT_Groups_Toggle.uasset" 199
"../../../Engine/Content/EditorMaterials/MatineeGroups/MAT_Groups_AudioMaster.uasset" 200
"../../../Engine/Content/EditorMaterials/MatineeGroups/MAT_Groups_Sound.uasset" 201
"../../../Engine/Content/EditorMaterials/MatineeGroups/MAT_Groups_Vector.uasset" 202
"../../../Engine/Content/EditorMaterials/MAT_Groups_Visibility.uasset" 203
"../../../Engine/Content/EngineResources/DefaultTextureCube.uasset" 204
"../../../Engine/Content/EngineMaterials/DefaultMaterial.uasset" 205
"../../../Engine/Content/EngineMeshes/Cylinder.uasset" 206
"../../../Engine/Content/EngineTireTypes/DefaultTireType.uasset" 207
"../../../Engine/Content/EditorResources/S_FTest.uasset" 208
"../../../Engine/Content/EngineResources/AICON-Red.uasset" 209
"../../../Engine/Content/EngineResources/AICON-Green.uasset" 210
"../../../Engine/Plugins/2D/Paper2D/Content/MaskedUnlitSpriteMaterial.uasset" 211
"../../../Engine/Plugins/2D/Paper2D/Content/OpaqueUnlitSpriteMaterial.uasset" 212
"../../../Engine/Plugins/2D/Paper2D/Content/DummySprite.uasset" 213
"../../../Engine/Plugins/2D/Paper2D/Content/DefaultPaperTerrainMaterial.uasset" 214
"../../../Engine/Content/EditorSounds/Notifications/CompileSuccess.uasset" 215
"../../../Engine/Content/EditorSounds/Notifications/CompileStart_Cue.uasset" 216
"../../../Engine/Content/EditorSounds/Notifications/CompileSuccess_Cue.uasset" 217
"../../../Engine/Content/EditorSounds/Notifications/CompileFailed.uasset" 218
"../../../Engine/Content/EditorSounds/Notifications/CompileFailed_Cue.uasset" 219
"../../../Engine/Content/BufferVisualization/BaseColor.uasset" 220
"../../../Engine/Content/BufferVisualization/CustomDepth.uasset" 221
"../../../Engine/Content/Functions/Engine_MaterialFunctions02/Utility/MakeFloat2.uasset" 222
"../../../Engine/Content/Functions/Engine_MaterialFunctions02/Utility/MakeFloat3.uasset" 223
"../../../Engine/Content/EngineMaterials/MiniFont.uasset" 224
"../../../Engine/Content/BufferVisualization/CustomStencil.uasset" 225
"../../../Engine/Content/BufferVisualization/DecalMask.uasset" 226
"../../../Engine/Content/BufferVisualization/FinalImage.uasset" 227
"../../../Engine/Content/BufferVisualization/LightingModel.uasset" 228
"../../../Engine/Content/BufferVisualization/MaterialAO.uasset" 229
"../../../Engine/Content/BufferVisualization/Metallic.uasset" 230
"../../../Engine/Content/BufferVisualization/Opacity.uasset" 231
"../../../Engine/Content/BufferVisualization/Roughness.uasset" 232
"../../../Engine/Content/BufferVisualization/SceneColor.uasset" 233
"../../../Engine/Content/BufferVisualization/SceneDepth.uasset" 234
"../../../Engine/Content/BufferVisualization/SeparateTranslucencyRGB.uasset" 235
"../../../Engine/Content/BufferVisualization/SeparateTranslucencyA.uasset" 236
"../../../Engine/Content/BufferVisualization/Specular.uasset" 237
"../../../Engine/Content/BufferVisualization/SubsurfaceColor.uasset" 238
"../../../Engine/Content/BufferVisualization/WorldNormal.uasset" 239
"../../../Engine/Content/EngineMaterials/DefaultPhysicalMaterial.uasset" 240
"../../../Engine/Content/BufferVisualization/AmbientOcclusion.uasset" 241
"../../../Engine/Content/Functions/Engine_MaterialFunctions02/Utility/VectorLength.uasset" 242
"../../../Engine/Content/BufferVisualization/CustomDepthWorldUnits.uasset" 243
"../../../Engine/Content/BufferVisualization/SceneDepthWorldUnits.uasset" 244
"../../../Engine/Plugins/Runtime/LeapMotionController/Content/LM_CapsuleMesh.uasset" 245
"../../../Engine/Plugins/Runtime/LeapMotionController/Content/LM_TorusMesh.uasset" 246
"../../../Engine/Plugins/Runtime/LeapMotionController/Content/LM_HandColor.uasset" 247
"../../../Engine/Plugins/Runtime/LeapMotionController/Content/LM_SampleDistortion.uasset" 248
"../../../Engine/Plugins/Runtime/LeapMotionController/Content/LM_TestTexture.uasset" 249
"../../../Engine/Plugins/Runtime/LeapMotionController/Content/LM_PassthroughMaterial.uasset" 250
"../../../Engine/Content/BasicShapes/Cube.uasset" 251
"../../../Engine/Content/EngineMaterials/HighResolutionScreenshotMaskFunction.uasset" 252
"../../../Engine/Content/EngineMaterials/HighResScreenshot.uasset" 253
"../../../Engine/Content/EngineMaterials/HighResScreenshotMask.uasset" 254
"../../../Engine/Content/EngineMaterials/HighResScreenshotCaptureRegion.uasset" 255
"../../../Engine/Content/EngineDebugMaterials/WireframeMaterial.uasset" 256
"../../../Engine/Content/Functions/Engine_MaterialFunctions01/Shading/ConvertFromDiffSpec.uasset" 257
"../../../Engine/Content/EngineDebugMaterials/LevelColorationLitMaterial.uasset" 258
"../../../Engine/Content/EngineDebugMaterials/LevelColorationUnlitMaterial.uasset" 259
"../../../Engine/Content/EngineMaterials/DefaultWhiteGrid.uasset" 260
"../../../Engine/Content/EngineDebugMaterials/MAT_LevelColorationLitLightmapUV.uasset" 261
"../../../Engine/Content/EngineDebugMaterials/ShadedLevelColorationLitMaterial.uasset" 262
"../../../Engine/Content/EngineDebugMaterials/ShadedLevelColorationUnlitMateri.uasset" 263
"../../../Engine/Content/EngineDebugMaterials/VertexColorMaterial.uasset" 264
"../../../Engine/Content/EngineDebugMaterials/VertexColorViewMode_ColorOnly.uasset" 265
"../../../Engine/Content/EngineDebugMaterials/VertexColorViewMode_AlphaAsColor.uasset" 266
"../../../Engine/Content/EngineDebugMaterials/VertexColorViewMode_RedOnly.uasset" 267
"../../../Engine/Content/EngineDebugMaterials/VertexColorViewMode_GreenOnly.uasset" 268
"../../../Engine/Content/EngineDebugMaterials/VertexColorViewMode_BlueOnly.uasset" 269
"../../../Engine/Content/EngineMaterials/RemoveSurfaceMaterial.uasset" 270
"../../../Engine/Content/EngineDebugMaterials/DebugMeshMaterial.uasset" 271
"../../../Engine/Content/EngineMaterials/InvalidLightmapSettings.uasset" 272
"../../../Engine/Content/EngineMaterials/M_InvalidLightmapSettings.uasset" 273
"../../../Engine/Content/EditorMaterials/GizmoMaterial.uasset" 274
"../../../Engine/Content/EngineDebugMaterials/GeomMaterial.uasset" 275
"../../../Engine/Content/EngineMaterials/EditorBrushMaterial.uasset" 276
"../../../Engine/Content/EngineDebugMaterials/HeatmapGradient.uasset" 277
"../../../Engine/Content/EngineDebugMaterials/BoneWeightMaterial.uasset" 278
"../../../Engine/Content/EditorMaterials/PreviewShadowIndicator.uasset" 279
"../../../Engine/Content/EditorMaterials/PreviewShadowIndicatorMaterial.uasset" 280
"../../../Engine/Content/EditorMaterials/PhAT_JointLimitMaterial.uasset" 281
"../../../Engine/Content/EditorResources/BSPVertex.uasset" 282
"../../../Engine/Content/EngineMaterials/Good64x64TilingNoiseHighFreq.uasset" 283
"../../../Engine/Content/EngineMaterials/DefaultBokeh.uasset" 284
"../../../Engine/Content/EngineMaterials/PreintegratedSkinBRDF.uasset" 285
"../../../Engine/Content/EngineMaterials/WeightMapPlaceholderTexture.uasset" 286
"../../../Engine/Content/EngineFonts/RobotoTiny.uasset" 287
"../../../Engine/Content/Tutorial/ContentIntroCurve.uasset" 288
"../../../Engine/Content/EditorMaterials/Cross.uasset" 289
"../../../Engine/Content/EditorMaterials/Cross_Mat.uasset" 290
"../../../Engine/Content/EditorMaterials/PhAT_BoneSelectedMaterial.uasset" 291
"../../../Engine/Content/EditorMaterials/PhAT_ElemSelectedMaterial.uasset" 292
"../../../Engine/Content/EditorMaterials/PhAT_NoCollisionMaterial.uasset" 293
"../../../Engine/Content/EditorMaterials/PhAT_UnselectedMaterial.uasset" 294
"../../../Engine/Content/EditorMaterials/Tick.uasset" 295
"../../../Engine/Content/EditorMaterials/Tick_Mat.uasset" 296
"../../../Engine/Content/EditorMaterials/WidgetGridVertexColorMaterial.uasset" 297
"../../../Engine/Content/EditorMaterials/WidgetGridVertexColorMaterial_Ma.uasset" 298
"../../../Engine/Content/EditorMaterials/WidgetMaterial.uasset" 299
"../../../Engine/Content/EditorMaterials/WidgetMaterial_Current.uasset" 300
"../../../Engine/Content/EditorMaterials/WidgetMaterial_X.uasset" 301
"../../../Engine/Content/EditorMaterials/WidgetMaterial_Y.uasset" 302
"../../../Engine/Content/EditorMaterials/WidgetMaterial_Z.uasset" 303
"../../../Engine/Content/EditorMaterials/WidgetVertexColorMaterial.uasset" 304
"../../../Engine/Content/EditorMaterials/CompositeARGBLayer.uasset" 305
"../../../Engine/Content/EditorMaterials/TilingAALineIntegral.uasset" 306
"../../../Engine/Content/EditorMaterials/TilingAALineBoxFiltered.uasset" 307
"../../../Engine/Content/Functions/Engine_MaterialFunctions03/Procedurals/ComputeFilterWidth.uasset" 308
"../../../Engine/Content/EditorMaterials/TilingAADots.uasset" 309
"../../../Engine/Content/EditorMaterials/Cascade/CASC_Cross.uasset" 310
"../../../Engine/Content/EditorMaterials/Cascade/CASC_None.uasset" 311
"../../../Engine/Content/Functions/Engine_MaterialFunctions03/Blends/Blend_Screen.uasset" 312
"../../../Engine/Content/EditorMaterials/TilingAAGrid.uasset" 313
"../../../Engine/Content/EditorMaterials/LevelGridMaterial.uasset" 314
"../../../Engine/Content/EditorResources/SmallFont.uasset" 315
"../../../Engine/Content/EditorResources/S_KBSJoint.uasset" 316
"../../../Engine/Content/EditorResources/S_KHinge.uasset" 317
"../../../Engine/Content/EditorResources/S_KPrismatic.uasset" 318
"../../../Engine/Content/EditorResources/LightIcons/S_LightError.uasset" 319
"../../../Engine/Content/EditorResources/Spline/T_Loft_Spline.uasset" 320
"../../../Engine/Content/EngineMaterials/BlinkingCaret.uasset" 321
"../../../Engine/Content/EngineMaterials/DefaultNormal.uasset" 322
"../../../Engine/Content/EngineMaterials/Grid_N.uasset" 323
"../../../Engine/Content/EngineMaterials/LandscapeHolePhysicalMaterial.uasset" 324
"../../../Engine/Content/EngineMaterials/PaperDiffuse.uasset" 325
"../../../Engine/Content/EngineMaterials/PaperNormal.uasset" 326
"../../../Engine/Content/EngineMaterials/PhysMat_Rubber.uasset" 327
"../../../Engine/Content/EngineFonts/SmallFont.uasset" 328
"../../../Engine/Content/EngineFonts/TinyFont.uasset" 329
"../../../Engine/Content/EngineResources/StreamingPauseIcon.uasset" 330
"../../../Engine/Content/EngineResources/M_StreamingPause.uasset" 331
"../../../Engine/Content/EditorLandscapeResources/DefaultAlphaTexture.uasset" 332
"../../../Engine/Content/BasicShapes/Sphere.uasset" 333
"../../../Engine/Content/BasicShapes/Cylinder.uasset" 334
"../../../Engine/Content/BasicShapes/Cone.uasset" 335
"../../../Engine/Content/Tutorial/Basics/LevelEditorAttract.uasset" 336
"../../../Engine/Content/Tutorial/BlueprintTutorials/TutorialAssets/Blueprint_64x.uasset" 337
"../../../Engine/Content/Tutorial/SubEditors/TutorialAssets/icon_Editor_Preferences_General_40x.uasset" 338
"../../../Engine/Content/Tutorial/Paper2D/TutorialAssets/Paper2DSprite_TutorialIcon.uasset" 339
"../../../Engine/Content/Tutorial/SubEditors/TutorialAssets/icon_ShowSkeletalMeshes_40x.uasset" 340
"../../../Engine/Content/Tutorial/Landscape/TutorialAssets/Landscape.uasset" 341
"../../../Engine/Content/Tutorial/Foliage/TutorialAssets/Foliage.uasset" 342
"../../../Engine/Content/Tutorial/Basics/TutorialAssets/icon_tab_Levels_40x.uasset" 343
"../../../Engine/Content/Tutorial/Basics/LevelEditorOverview.uasset" 344
"../../../Engine/Content/EditorMaterials/MakeCompositeARGBLayer.uasset" 345
"../../../Engine/Content/EditorResources/LevelGrid1DStripes.uasset" 346
"../../../Engine/Content/EditorMaterials/TextureGridCascaded1D.uasset" 347
"../../../Engine/Content/EditorMaterials/TextureGridCascaded2D.uasset" 348
"../../../Engine/Content/EditorMaterials/LevelGridMaterial2.uasset" 349
